{"C:\\Brayan\\Escritorio\\Proyecto_Mantenimiento\\smartlocker-qr\\src\\db.js": {"path":"C:\\Brayan\\Escritorio\\Proyecto_Mantenimiento\\smartlocker-qr\\src\\db.js","statementMap":{"0":{"start":{"line":2,"column":16},"end":{"line":2,"column":44}},"1":{"start":{"line":3,"column":13},"end":{"line":3,"column":28}},"2":{"start":{"line":5,"column":15},"end":{"line":5,"column":57}},"3":{"start":{"line":6,"column":11},"end":{"line":12,"column":2}},"4":{"start":{"line":7,"column":2},"end":{"line":11,"column":3}},"5":{"start":{"line":8,"column":4},"end":{"line":8,"column":64}},"6":{"start":{"line":10,"column":4},"end":{"line":10,"column":59}},"7":{"start":{"line":14,"column":0},"end":{"line":61,"column":3}},"8":{"start":{"line":15,"column":2},"end":{"line":22,"column":6}},"9":{"start":{"line":25,"column":2},"end":{"line":36,"column":5}},"10":{"start":{"line":35,"column":4},"end":{"line":35,"column":65}},"11":{"start":{"line":38,"column":2},"end":{"line":44,"column":6}},"12":{"start":{"line":46,"column":2},"end":{"line":52,"column":6}},"13":{"start":{"line":54,"column":2},"end":{"line":60,"column":6}},"14":{"start":{"line":63,"column":0},"end":{"line":63,"column":20}}},"fnMap":{"0":{"name":"(anonymous_0)","decl":{"start":{"line":6,"column":40},"end":{"line":6,"column":41}},"loc":{"start":{"line":6,"column":49},"end":{"line":12,"column":1}},"line":6},"1":{"name":"(anonymous_1)","decl":{"start":{"line":14,"column":13},"end":{"line":14,"column":14}},"loc":{"start":{"line":14,"column":19},"end":{"line":61,"column":1}},"line":14},"2":{"name":"(anonymous_2)","decl":{"start":{"line":32,"column":6},"end":{"line":32,"column":7}},"loc":{"start":{"line":32,"column":12},"end":{"line":36,"column":3}},"line":32},"3":{"name":"(anonymous_3)","decl":{"start":{"line":35,"column":52},"end":{"line":35,"column":53}},"loc":{"start":{"line":35,"column":61},"end":{"line":35,"column":63}},"line":35}},"branchMap":{"0":{"loc":{"start":{"line":7,"column":2},"end":{"line":11,"column":3}},"type":"if","locations":[{"start":{"line":7,"column":2},"end":{"line":11,"column":3}},{"start":{"line":9,"column":9},"end":{"line":11,"column":3}}],"line":7}},"s":{"0":0,"1":0,"2":0,"3":0,"4":0,"5":0,"6":0,"7":0,"8":0,"9":0,"10":0,"11":0,"12":0,"13":0,"14":0},"f":{"0":0,"1":0,"2":0,"3":0},"b":{"0":[0,0]}}
,"C:\\Brayan\\Escritorio\\Proyecto_Mantenimiento\\smartlocker-qr\\src\\routes\\auth.js": {"path":"C:\\Brayan\\Escritorio\\Proyecto_Mantenimiento\\smartlocker-qr\\src\\routes\\auth.js","statementMap":{"0":{"start":{"line":2,"column":16},"end":{"line":2,"column":34}},"1":{"start":{"line":3,"column":15},"end":{"line":3,"column":31}},"2":{"start":{"line":4,"column":15},"end":{"line":4,"column":32}},"3":{"start":{"line":5,"column":15},"end":{"line":5,"column":32}},"4":{"start":{"line":6,"column":18},"end":{"line":6,"column":48}},"5":{"start":{"line":7,"column":11},"end":{"line":7,"column":27}},"6":{"start":{"line":8,"column":24},"end":{"line":8,"column":41}},"7":{"start":{"line":9,"column":22},"end":{"line":9,"column":40}},"8":{"start":{"line":11,"column":20},"end":{"line":11,"column":22}},"9":{"start":{"line":14,"column":0},"end":{"line":70,"column":3}},"10":{"start":{"line":16,"column":41},"end":{"line":16,"column":49}},"11":{"start":{"line":19,"column":2},"end":{"line":21,"column":3}},"12":{"start":{"line":20,"column":4},"end":{"line":20,"column":80}},"13":{"start":{"line":24,"column":2},"end":{"line":26,"column":3}},"14":{"start":{"line":25,"column":4},"end":{"line":25,"column":93}},"15":{"start":{"line":28,"column":2},"end":{"line":69,"column":5}},"16":{"start":{"line":29,"column":4},"end":{"line":29,"column":64}},"17":{"start":{"line":29,"column":13},"end":{"line":29,"column":64}},"18":{"start":{"line":30,"column":4},"end":{"line":30,"column":85}},"19":{"start":{"line":30,"column":14},"end":{"line":30,"column":85}},"20":{"start":{"line":32,"column":4},"end":{"line":68,"column":7}},"21":{"start":{"line":33,"column":6},"end":{"line":33,"column":68}},"22":{"start":{"line":33,"column":15},"end":{"line":33,"column":68}},"23":{"start":{"line":36,"column":6},"end":{"line":67,"column":9}},"24":{"start":{"line":37,"column":8},"end":{"line":37,"column":84}},"25":{"start":{"line":37,"column":17},"end":{"line":37,"column":84}},"26":{"start":{"line":40,"column":22},"end":{"line":40,"column":53}},"27":{"start":{"line":41,"column":24},"end":{"line":41,"column":69}},"28":{"start":{"line":42,"column":19},"end":{"line":42,"column":81}},"29":{"start":{"line":45,"column":8},"end":{"line":47,"column":11}},"30":{"start":{"line":46,"column":10},"end":{"line":46,"column":63}},"31":{"start":{"line":46,"column":19},"end":{"line":46,"column":63}},"32":{"start":{"line":50,"column":8},"end":{"line":64,"column":9}},"33":{"start":{"line":51,"column":10},"end":{"line":61,"column":12}},"34":{"start":{"line":63,"column":10},"end":{"line":63,"column":72}},"35":{"start":{"line":66,"column":8},"end":{"line":66,"column":82}},"36":{"start":{"line":73,"column":0},"end":{"line":101,"column":3}},"37":{"start":{"line":74,"column":30},"end":{"line":74,"column":38}},"38":{"start":{"line":75,"column":2},"end":{"line":75,"column":89}},"39":{"start":{"line":75,"column":27},"end":{"line":75,"column":89}},"40":{"start":{"line":77,"column":2},"end":{"line":100,"column":5}},"41":{"start":{"line":78,"column":4},"end":{"line":78,"column":64}},"42":{"start":{"line":78,"column":13},"end":{"line":78,"column":64}},"43":{"start":{"line":79,"column":4},"end":{"line":79,"column":80}},"44":{"start":{"line":79,"column":15},"end":{"line":79,"column":80}},"45":{"start":{"line":81,"column":4},"end":{"line":99,"column":7}},"46":{"start":{"line":82,"column":6},"end":{"line":82,"column":63}},"47":{"start":{"line":82,"column":15},"end":{"line":82,"column":63}},"48":{"start":{"line":83,"column":6},"end":{"line":83,"column":80}},"49":{"start":{"line":83,"column":15},"end":{"line":83,"column":80}},"50":{"start":{"line":85,"column":20},"end":{"line":85,"column":51}},"51":{"start":{"line":86,"column":24},"end":{"line":86,"column":80}},"52":{"start":{"line":88,"column":6},"end":{"line":98,"column":9}},"53":{"start":{"line":89,"column":8},"end":{"line":89,"column":83}},"54":{"start":{"line":89,"column":17},"end":{"line":89,"column":83}},"55":{"start":{"line":91,"column":24},"end":{"line":91,"column":66}},"56":{"start":{"line":93,"column":8},"end":{"line":97,"column":11}},"57":{"start":{"line":94,"column":10},"end":{"line":94,"column":80}},"58":{"start":{"line":94,"column":19},"end":{"line":94,"column":80}},"59":{"start":{"line":96,"column":10},"end":{"line":96,"column":105}},"60":{"start":{"line":104,"column":0},"end":{"line":109,"column":3}},"61":{"start":{"line":105,"column":2},"end":{"line":108,"column":5}},"62":{"start":{"line":106,"column":4},"end":{"line":106,"column":81}},"63":{"start":{"line":106,"column":13},"end":{"line":106,"column":81}},"64":{"start":{"line":107,"column":4},"end":{"line":107,"column":30}},"65":{"start":{"line":112,"column":0},"end":{"line":126,"column":3}},"66":{"start":{"line":113,"column":17},"end":{"line":113,"column":27}},"67":{"start":{"line":116,"column":2},"end":{"line":116,"column":105}},"68":{"start":{"line":119,"column":2},"end":{"line":119,"column":57}},"69":{"start":{"line":122,"column":2},"end":{"line":125,"column":5}},"70":{"start":{"line":123,"column":4},"end":{"line":123,"column":81}},"71":{"start":{"line":123,"column":13},"end":{"line":123,"column":81}},"72":{"start":{"line":124,"column":4},"end":{"line":124,"column":71}},"73":{"start":{"line":128,"column":0},"end":{"line":128,"column":24}}},"fnMap":{"0":{"name":"(anonymous_0)","decl":{"start":{"line":14,"column":25},"end":{"line":14,"column":26}},"loc":{"start":{"line":14,"column":39},"end":{"line":70,"column":1}},"line":14},"1":{"name":"(anonymous_1)","decl":{"start":{"line":28,"column":31},"end":{"line":28,"column":32}},"loc":{"start":{"line":28,"column":46},"end":{"line":69,"column":3}},"line":28},"2":{"name":"(anonymous_2)","decl":{"start":{"line":32,"column":39},"end":{"line":32,"column":40}},"loc":{"start":{"line":32,"column":60},"end":{"line":68,"column":5}},"line":32},"3":{"name":"(anonymous_3)","decl":{"start":{"line":36,"column":65},"end":{"line":36,"column":66}},"loc":{"start":{"line":36,"column":89},"end":{"line":67,"column":7}},"line":36},"4":{"name":"(anonymous_4)","decl":{"start":{"line":45,"column":91},"end":{"line":45,"column":92}},"loc":{"start":{"line":45,"column":100},"end":{"line":47,"column":9}},"line":45},"5":{"name":"(anonymous_5)","decl":{"start":{"line":73,"column":22},"end":{"line":73,"column":23}},"loc":{"start":{"line":73,"column":36},"end":{"line":101,"column":1}},"line":73},"6":{"name":"(anonymous_6)","decl":{"start":{"line":77,"column":31},"end":{"line":77,"column":32}},"loc":{"start":{"line":77,"column":46},"end":{"line":100,"column":3}},"line":77},"7":{"name":"(anonymous_7)","decl":{"start":{"line":81,"column":44},"end":{"line":81,"column":45}},"loc":{"start":{"line":81,"column":57},"end":{"line":99,"column":5}},"line":81},"8":{"name":"(anonymous_8)","decl":{"start":{"line":88,"column":112},"end":{"line":88,"column":113}},"loc":{"start":{"line":88,"column":127},"end":{"line":98,"column":7}},"line":88},"9":{"name":"(anonymous_9)","decl":{"start":{"line":93,"column":65},"end":{"line":93,"column":66}},"loc":{"start":{"line":93,"column":79},"end":{"line":97,"column":9}},"line":93},"10":{"name":"(anonymous_10)","decl":{"start":{"line":104,"column":21},"end":{"line":104,"column":22}},"loc":{"start":{"line":104,"column":35},"end":{"line":109,"column":1}},"line":104},"11":{"name":"(anonymous_11)","decl":{"start":{"line":105,"column":67},"end":{"line":105,"column":68}},"loc":{"start":{"line":105,"column":82},"end":{"line":108,"column":3}},"line":105},"12":{"name":"(anonymous_12)","decl":{"start":{"line":112,"column":28},"end":{"line":112,"column":29}},"loc":{"start":{"line":112,"column":42},"end":{"line":126,"column":1}},"line":112},"13":{"name":"(anonymous_13)","decl":{"start":{"line":122,"column":49},"end":{"line":122,"column":50}},"loc":{"start":{"line":122,"column":63},"end":{"line":125,"column":3}},"line":122}},"branchMap":{"0":{"loc":{"start":{"line":19,"column":2},"end":{"line":21,"column":3}},"type":"if","locations":[{"start":{"line":19,"column":2},"end":{"line":21,"column":3}},{"start":{},"end":{}}],"line":19},"1":{"loc":{"start":{"line":19,"column":6},"end":{"line":19,"column":42}},"type":"binary-expr","locations":[{"start":{"line":19,"column":6},"end":{"line":19,"column":11}},{"start":{"line":19,"column":15},"end":{"line":19,"column":19}},{"start":{"line":19,"column":23},"end":{"line":19,"column":29}},{"start":{"line":19,"column":33},"end":{"line":19,"column":42}}],"line":19},"2":{"loc":{"start":{"line":24,"column":2},"end":{"line":26,"column":3}},"type":"if","locations":[{"start":{"line":24,"column":2},"end":{"line":26,"column":3}},{"start":{},"end":{}}],"line":24},"3":{"loc":{"start":{"line":29,"column":4},"end":{"line":29,"column":64}},"type":"if","locations":[{"start":{"line":29,"column":4},"end":{"line":29,"column":64}},{"start":{},"end":{}}],"line":29},"4":{"loc":{"start":{"line":30,"column":4},"end":{"line":30,"column":85}},"type":"if","locations":[{"start":{"line":30,"column":4},"end":{"line":30,"column":85}},{"start":{},"end":{}}],"line":30},"5":{"loc":{"start":{"line":33,"column":6},"end":{"line":33,"column":68}},"type":"if","locations":[{"start":{"line":33,"column":6},"end":{"line":33,"column":68}},{"start":{},"end":{}}],"line":33},"6":{"loc":{"start":{"line":37,"column":8},"end":{"line":37,"column":84}},"type":"if","locations":[{"start":{"line":37,"column":8},"end":{"line":37,"column":84}},{"start":{},"end":{}}],"line":37},"7":{"loc":{"start":{"line":46,"column":10},"end":{"line":46,"column":63}},"type":"if","locations":[{"start":{"line":46,"column":10},"end":{"line":46,"column":63}},{"start":{},"end":{}}],"line":46},"8":{"loc":{"start":{"line":75,"column":2},"end":{"line":75,"column":89}},"type":"if","locations":[{"start":{"line":75,"column":2},"end":{"line":75,"column":89}},{"start":{},"end":{}}],"line":75},"9":{"loc":{"start":{"line":75,"column":6},"end":{"line":75,"column":25}},"type":"binary-expr","locations":[{"start":{"line":75,"column":6},"end":{"line":75,"column":12}},{"start":{"line":75,"column":16},"end":{"line":75,"column":25}}],"line":75},"10":{"loc":{"start":{"line":78,"column":4},"end":{"line":78,"column":64}},"type":"if","locations":[{"start":{"line":78,"column":4},"end":{"line":78,"column":64}},{"start":{},"end":{}}],"line":78},"11":{"loc":{"start":{"line":79,"column":4},"end":{"line":79,"column":80}},"type":"if","locations":[{"start":{"line":79,"column":4},"end":{"line":79,"column":80}},{"start":{},"end":{}}],"line":79},"12":{"loc":{"start":{"line":82,"column":6},"end":{"line":82,"column":63}},"type":"if","locations":[{"start":{"line":82,"column":6},"end":{"line":82,"column":63}},{"start":{},"end":{}}],"line":82},"13":{"loc":{"start":{"line":83,"column":6},"end":{"line":83,"column":80}},"type":"if","locations":[{"start":{"line":83,"column":6},"end":{"line":83,"column":80}},{"start":{},"end":{}}],"line":83},"14":{"loc":{"start":{"line":89,"column":8},"end":{"line":89,"column":83}},"type":"if","locations":[{"start":{"line":89,"column":8},"end":{"line":89,"column":83}},{"start":{},"end":{}}],"line":89},"15":{"loc":{"start":{"line":94,"column":10},"end":{"line":94,"column":80}},"type":"if","locations":[{"start":{"line":94,"column":10},"end":{"line":94,"column":80}},{"start":{},"end":{}}],"line":94},"16":{"loc":{"start":{"line":106,"column":4},"end":{"line":106,"column":81}},"type":"if","locations":[{"start":{"line":106,"column":4},"end":{"line":106,"column":81}},{"start":{},"end":{}}],"line":106},"17":{"loc":{"start":{"line":123,"column":4},"end":{"line":123,"column":81}},"type":"if","locations":[{"start":{"line":123,"column":4},"end":{"line":123,"column":81}},{"start":{},"end":{}}],"line":123}},"s":{"0":0,"1":0,"2":0,"3":0,"4":0,"5":0,"6":0,"7":0,"8":0,"9":0,"10":0,"11":0,"12":0,"13":0,"14":0,"15":0,"16":0,"17":0,"18":0,"19":0,"20":0,"21":0,"22":0,"23":0,"24":0,"25":0,"26":0,"27":0,"28":0,"29":0,"30":0,"31":0,"32":0,"33":0,"34":0,"35":0,"36":0,"37":0,"38":0,"39":0,"40":0,"41":0,"42":0,"43":0,"44":0,"45":0,"46":0,"47":0,"48":0,"49":0,"50":0,"51":0,"52":0,"53":0,"54":0,"55":0,"56":0,"57":0,"58":0,"59":0,"60":0,"61":0,"62":0,"63":0,"64":0,"65":0,"66":0,"67":0,"68":0,"69":0,"70":0,"71":0,"72":0,"73":0},"f":{"0":0,"1":0,"2":0,"3":0,"4":0,"5":0,"6":0,"7":0,"8":0,"9":0,"10":0,"11":0,"12":0,"13":0},"b":{"0":[0,0],"1":[0,0,0,0],"2":[0,0],"3":[0,0],"4":[0,0],"5":[0,0],"6":[0,0],"7":[0,0],"8":[0,0],"9":[0,0],"10":[0,0],"11":[0,0],"12":[0,0],"13":[0,0],"14":[0,0],"15":[0,0],"16":[0,0],"17":[0,0]}}
,"C:\\Brayan\\Escritorio\\Proyecto_Mantenimiento\\smartlocker-qr\\src\\routes\\lockers.js": {"path":"C:\\Brayan\\Escritorio\\Proyecto_Mantenimiento\\smartlocker-qr\\src\\routes\\lockers.js","statementMap":{"0":{"start":{"line":2,"column":16},"end":{"line":2,"column":34}},"1":{"start":{"line":3,"column":15},"end":{"line":3,"column":31}},"2":{"start":{"line":4,"column":11},"end":{"line":4,"column":27}},"3":{"start":{"line":5,"column":22},"end":{"line":5,"column":40}},"4":{"start":{"line":8,"column":0},"end":{"line":24,"column":3}},"5":{"start":{"line":9,"column":16},"end":{"line":19,"column":3}},"6":{"start":{"line":20,"column":2},"end":{"line":23,"column":5}},"7":{"start":{"line":21,"column":4},"end":{"line":21,"column":64}},"8":{"start":{"line":21,"column":13},"end":{"line":21,"column":64}},"9":{"start":{"line":22,"column":4},"end":{"line":22,"column":32}},"10":{"start":{"line":27,"column":0},"end":{"line":35,"column":3}},"11":{"start":{"line":28,"column":19},"end":{"line":28,"column":27}},"12":{"start":{"line":29,"column":2},"end":{"line":29,"column":70}},"13":{"start":{"line":29,"column":13},"end":{"line":29,"column":70}},"14":{"start":{"line":31,"column":2},"end":{"line":34,"column":5}},"15":{"start":{"line":32,"column":4},"end":{"line":32,"column":81}},"16":{"start":{"line":32,"column":13},"end":{"line":32,"column":81}},"17":{"start":{"line":33,"column":4},"end":{"line":33,"column":50}},"18":{"start":{"line":38,"column":0},"end":{"line":57,"column":3}},"19":{"start":{"line":39,"column":31},"end":{"line":39,"column":39}},"20":{"start":{"line":40,"column":2},"end":{"line":40,"column":83}},"21":{"start":{"line":40,"column":28},"end":{"line":40,"column":83}},"22":{"start":{"line":42,"column":2},"end":{"line":56,"column":4}},"23":{"start":{"line":46,"column":6},"end":{"line":46,"column":66}},"24":{"start":{"line":46,"column":15},"end":{"line":46,"column":66}},"25":{"start":{"line":49,"column":6},"end":{"line":52,"column":8}},"26":{"start":{"line":54,"column":6},"end":{"line":54,"column":54}},"27":{"start":{"line":60,"column":0},"end":{"line":103,"column":3}},"28":{"start":{"line":61,"column":28},"end":{"line":61,"column":36}},"29":{"start":{"line":64,"column":2},"end":{"line":66,"column":3}},"30":{"start":{"line":65,"column":4},"end":{"line":65,"column":75}},"31":{"start":{"line":69,"column":2},"end":{"line":102,"column":5}},"32":{"start":{"line":70,"column":4},"end":{"line":70,"column":88}},"33":{"start":{"line":70,"column":13},"end":{"line":70,"column":88}},"34":{"start":{"line":71,"column":4},"end":{"line":71,"column":87}},"35":{"start":{"line":71,"column":18},"end":{"line":71,"column":87}},"36":{"start":{"line":74,"column":4},"end":{"line":101,"column":7}},"37":{"start":{"line":75,"column":6},"end":{"line":75,"column":91}},"38":{"start":{"line":75,"column":15},"end":{"line":75,"column":91}},"39":{"start":{"line":77,"column":6},"end":{"line":100,"column":7}},"40":{"start":{"line":79,"column":8},"end":{"line":79,"column":40}},"41":{"start":{"line":82,"column":8},"end":{"line":99,"column":11}},"42":{"start":{"line":83,"column":10},"end":{"line":83,"column":100}},"43":{"start":{"line":83,"column":19},"end":{"line":83,"column":100}},"44":{"start":{"line":84,"column":10},"end":{"line":86,"column":11}},"45":{"start":{"line":85,"column":12},"end":{"line":85,"column":99}},"46":{"start":{"line":89,"column":10},"end":{"line":98,"column":12}},"47":{"start":{"line":93,"column":14},"end":{"line":93,"column":105}},"48":{"start":{"line":93,"column":23},"end":{"line":93,"column":105}},"49":{"start":{"line":96,"column":14},"end":{"line":96,"column":56}},"50":{"start":{"line":110,"column":2},"end":{"line":149,"column":5}},"51":{"start":{"line":111,"column":4},"end":{"line":111,"column":88}},"52":{"start":{"line":111,"column":13},"end":{"line":111,"column":88}},"53":{"start":{"line":114,"column":4},"end":{"line":129,"column":7}},"54":{"start":{"line":115,"column":6},"end":{"line":128,"column":7}},"55":{"start":{"line":116,"column":8},"end":{"line":127,"column":9}},"56":{"start":{"line":117,"column":23},"end":{"line":123,"column":48}},"57":{"start":{"line":124,"column":10},"end":{"line":124,"column":112}},"58":{"start":{"line":126,"column":10},"end":{"line":126,"column":60}},"59":{"start":{"line":132,"column":4},"end":{"line":134,"column":13}},"60":{"start":{"line":133,"column":6},"end":{"line":133,"column":84}},"61":{"start":{"line":137,"column":4},"end":{"line":138,"column":68}},"62":{"start":{"line":141,"column":4},"end":{"line":148,"column":7}},"63":{"start":{"line":153,"column":0},"end":{"line":174,"column":3}},"64":{"start":{"line":154,"column":2},"end":{"line":173,"column":4}},"65":{"start":{"line":168,"column":6},"end":{"line":169,"column":75}},"66":{"start":{"line":169,"column":8},"end":{"line":169,"column":75}},"67":{"start":{"line":171,"column":6},"end":{"line":171,"column":31}},"68":{"start":{"line":177,"column":0},"end":{"line":191,"column":3}},"69":{"start":{"line":178,"column":20},"end":{"line":178,"column":29}},"70":{"start":{"line":179,"column":2},"end":{"line":179,"column":72}},"71":{"start":{"line":179,"column":14},"end":{"line":179,"column":72}},"72":{"start":{"line":182,"column":2},"end":{"line":190,"column":5}},"73":{"start":{"line":183,"column":4},"end":{"line":183,"column":83}},"74":{"start":{"line":183,"column":25},"end":{"line":183,"column":83}},"75":{"start":{"line":186,"column":4},"end":{"line":189,"column":7}},"76":{"start":{"line":187,"column":6},"end":{"line":187,"column":69}},"77":{"start":{"line":187,"column":15},"end":{"line":187,"column":69}},"78":{"start":{"line":188,"column":6},"end":{"line":188,"column":43}},"79":{"start":{"line":194,"column":0},"end":{"line":211,"column":3}},"80":{"start":{"line":195,"column":16},"end":{"line":195,"column":18}},"81":{"start":{"line":197,"column":2},"end":{"line":210,"column":5}},"82":{"start":{"line":198,"column":4},"end":{"line":198,"column":43}},"83":{"start":{"line":200,"column":4},"end":{"line":209,"column":7}},"84":{"start":{"line":201,"column":6},"end":{"line":201,"column":47}},"85":{"start":{"line":202,"column":6},"end":{"line":202,"column":45}},"86":{"start":{"line":203,"column":6},"end":{"line":203,"column":69}},"87":{"start":{"line":205,"column":6},"end":{"line":208,"column":9}},"88":{"start":{"line":206,"column":8},"end":{"line":206,"column":46}},"89":{"start":{"line":207,"column":8},"end":{"line":207,"column":24}},"90":{"start":{"line":214,"column":0},"end":{"line":220,"column":3}},"91":{"start":{"line":215,"column":17},"end":{"line":215,"column":27}},"92":{"start":{"line":216,"column":2},"end":{"line":219,"column":5}},"93":{"start":{"line":217,"column":4},"end":{"line":217,"column":80}},"94":{"start":{"line":217,"column":13},"end":{"line":217,"column":80}},"95":{"start":{"line":218,"column":4},"end":{"line":218,"column":56}},"96":{"start":{"line":223,"column":0},"end":{"line":233,"column":3}},"97":{"start":{"line":224,"column":17},"end":{"line":224,"column":27}},"98":{"start":{"line":225,"column":2},"end":{"line":232,"column":4}},"99":{"start":{"line":229,"column":6},"end":{"line":229,"column":82}},"100":{"start":{"line":229,"column":15},"end":{"line":229,"column":82}},"101":{"start":{"line":230,"column":6},"end":{"line":230,"column":71}},"102":{"start":{"line":235,"column":0},"end":{"line":235,"column":24}}},"fnMap":{"0":{"name":"(anonymous_0)","decl":{"start":{"line":8,"column":16},"end":{"line":8,"column":17}},"loc":{"start":{"line":8,"column":30},"end":{"line":24,"column":1}},"line":8},"1":{"name":"(anonymous_1)","decl":{"start":{"line":20,"column":20},"end":{"line":20,"column":21}},"loc":{"start":{"line":20,"column":35},"end":{"line":23,"column":3}},"line":20},"2":{"name":"(anonymous_2)","decl":{"start":{"line":27,"column":17},"end":{"line":27,"column":18}},"loc":{"start":{"line":27,"column":31},"end":{"line":35,"column":1}},"line":27},"3":{"name":"(anonymous_3)","decl":{"start":{"line":31,"column":77},"end":{"line":31,"column":78}},"loc":{"start":{"line":31,"column":92},"end":{"line":34,"column":3}},"line":31},"4":{"name":"(anonymous_4)","decl":{"start":{"line":38,"column":23},"end":{"line":38,"column":24}},"loc":{"start":{"line":38,"column":37},"end":{"line":57,"column":1}},"line":38},"5":{"name":"(anonymous_5)","decl":{"start":{"line":45,"column":4},"end":{"line":45,"column":5}},"loc":{"start":{"line":45,"column":19},"end":{"line":55,"column":5}},"line":45},"6":{"name":"(anonymous_6)","decl":{"start":{"line":60,"column":29},"end":{"line":60,"column":30}},"loc":{"start":{"line":60,"column":43},"end":{"line":103,"column":1}},"line":60},"7":{"name":"(anonymous_7)","decl":{"start":{"line":69,"column":84},"end":{"line":69,"column":85}},"loc":{"start":{"line":69,"column":102},"end":{"line":102,"column":3}},"line":69},"8":{"name":"(anonymous_8)","decl":{"start":{"line":74,"column":73},"end":{"line":74,"column":74}},"loc":{"start":{"line":74,"column":90},"end":{"line":101,"column":5}},"line":74},"9":{"name":"(anonymous_9)","decl":{"start":{"line":82,"column":75},"end":{"line":82,"column":76}},"loc":{"start":{"line":82,"column":96},"end":{"line":99,"column":9}},"line":82},"10":{"name":"(anonymous_10)","decl":{"start":{"line":92,"column":12},"end":{"line":92,"column":13}},"loc":{"start":{"line":92,"column":21},"end":{"line":97,"column":13}},"line":92},"11":{"name":"openLocker","decl":{"start":{"line":108,"column":9},"end":{"line":108,"column":19}},"loc":{"start":{"line":108,"column":62},"end":{"line":150,"column":1}},"line":108},"12":{"name":"(anonymous_12)","decl":{"start":{"line":110,"column":76},"end":{"line":110,"column":77}},"loc":{"start":{"line":110,"column":85},"end":{"line":149,"column":3}},"line":110},"13":{"name":"(anonymous_13)","decl":{"start":{"line":114,"column":67},"end":{"line":114,"column":68}},"loc":{"start":{"line":114,"column":88},"end":{"line":129,"column":5}},"line":114},"14":{"name":"(anonymous_14)","decl":{"start":{"line":132,"column":15},"end":{"line":132,"column":16}},"loc":{"start":{"line":132,"column":21},"end":{"line":134,"column":5}},"line":132},"15":{"name":"(anonymous_15)","decl":{"start":{"line":153,"column":20},"end":{"line":153,"column":21}},"loc":{"start":{"line":153,"column":34},"end":{"line":174,"column":1}},"line":153},"16":{"name":"(anonymous_16)","decl":{"start":{"line":167,"column":4},"end":{"line":167,"column":5}},"loc":{"start":{"line":167,"column":19},"end":{"line":172,"column":5}},"line":167},"17":{"name":"(anonymous_17)","decl":{"start":{"line":177,"column":25},"end":{"line":177,"column":26}},"loc":{"start":{"line":177,"column":39},"end":{"line":191,"column":1}},"line":177},"18":{"name":"(anonymous_18)","decl":{"start":{"line":182,"column":66},"end":{"line":182,"column":67}},"loc":{"start":{"line":182,"column":84},"end":{"line":190,"column":3}},"line":182},"19":{"name":"(anonymous_19)","decl":{"start":{"line":186,"column":82},"end":{"line":186,"column":83}},"loc":{"start":{"line":186,"column":99},"end":{"line":189,"column":5}},"line":186},"20":{"name":"(anonymous_20)","decl":{"start":{"line":194,"column":27},"end":{"line":194,"column":28}},"loc":{"start":{"line":194,"column":41},"end":{"line":211,"column":1}},"line":194},"21":{"name":"(anonymous_21)","decl":{"start":{"line":197,"column":52},"end":{"line":197,"column":53}},"loc":{"start":{"line":197,"column":66},"end":{"line":210,"column":3}},"line":197},"22":{"name":"(anonymous_22)","decl":{"start":{"line":200,"column":112},"end":{"line":200,"column":113}},"loc":{"start":{"line":200,"column":126},"end":{"line":209,"column":5}},"line":200},"23":{"name":"(anonymous_23)","decl":{"start":{"line":205,"column":62},"end":{"line":205,"column":63}},"loc":{"start":{"line":205,"column":76},"end":{"line":208,"column":7}},"line":205},"24":{"name":"(anonymous_24)","decl":{"start":{"line":214,"column":22},"end":{"line":214,"column":23}},"loc":{"start":{"line":214,"column":36},"end":{"line":220,"column":1}},"line":214},"25":{"name":"(anonymous_25)","decl":{"start":{"line":216,"column":51},"end":{"line":216,"column":52}},"loc":{"start":{"line":216,"column":60},"end":{"line":219,"column":3}},"line":216},"26":{"name":"(anonymous_26)","decl":{"start":{"line":223,"column":26},"end":{"line":223,"column":27}},"loc":{"start":{"line":223,"column":40},"end":{"line":233,"column":1}},"line":223},"27":{"name":"(anonymous_27)","decl":{"start":{"line":228,"column":4},"end":{"line":228,"column":5}},"loc":{"start":{"line":228,"column":13},"end":{"line":231,"column":5}},"line":228}},"branchMap":{"0":{"loc":{"start":{"line":21,"column":4},"end":{"line":21,"column":64}},"type":"if","locations":[{"start":{"line":21,"column":4},"end":{"line":21,"column":64}},{"start":{},"end":{}}],"line":21},"1":{"loc":{"start":{"line":29,"column":2},"end":{"line":29,"column":70}},"type":"if","locations":[{"start":{"line":29,"column":2},"end":{"line":29,"column":70}},{"start":{},"end":{}}],"line":29},"2":{"loc":{"start":{"line":32,"column":4},"end":{"line":32,"column":81}},"type":"if","locations":[{"start":{"line":32,"column":4},"end":{"line":32,"column":81}},{"start":{},"end":{}}],"line":32},"3":{"loc":{"start":{"line":40,"column":2},"end":{"line":40,"column":83}},"type":"if","locations":[{"start":{"line":40,"column":2},"end":{"line":40,"column":83}},{"start":{},"end":{}}],"line":40},"4":{"loc":{"start":{"line":40,"column":6},"end":{"line":40,"column":26}},"type":"binary-expr","locations":[{"start":{"line":40,"column":6},"end":{"line":40,"column":15}},{"start":{"line":40,"column":19},"end":{"line":40,"column":26}}],"line":40},"5":{"loc":{"start":{"line":46,"column":6},"end":{"line":46,"column":66}},"type":"if","locations":[{"start":{"line":46,"column":6},"end":{"line":46,"column":66}},{"start":{},"end":{}}],"line":46},"6":{"loc":{"start":{"line":64,"column":2},"end":{"line":66,"column":3}},"type":"if","locations":[{"start":{"line":64,"column":2},"end":{"line":66,"column":3}},{"start":{},"end":{}}],"line":64},"7":{"loc":{"start":{"line":64,"column":6},"end":{"line":64,"column":23}},"type":"binary-expr","locations":[{"start":{"line":64,"column":6},"end":{"line":64,"column":13}},{"start":{"line":64,"column":17},"end":{"line":64,"column":23}}],"line":64},"8":{"loc":{"start":{"line":70,"column":4},"end":{"line":70,"column":88}},"type":"if","locations":[{"start":{"line":70,"column":4},"end":{"line":70,"column":88}},{"start":{},"end":{}}],"line":70},"9":{"loc":{"start":{"line":71,"column":4},"end":{"line":71,"column":87}},"type":"if","locations":[{"start":{"line":71,"column":4},"end":{"line":71,"column":87}},{"start":{},"end":{}}],"line":71},"10":{"loc":{"start":{"line":75,"column":6},"end":{"line":75,"column":91}},"type":"if","locations":[{"start":{"line":75,"column":6},"end":{"line":75,"column":91}},{"start":{},"end":{}}],"line":75},"11":{"loc":{"start":{"line":77,"column":6},"end":{"line":100,"column":7}},"type":"if","locations":[{"start":{"line":77,"column":6},"end":{"line":100,"column":7}},{"start":{"line":80,"column":13},"end":{"line":100,"column":7}}],"line":77},"12":{"loc":{"start":{"line":83,"column":10},"end":{"line":83,"column":100}},"type":"if","locations":[{"start":{"line":83,"column":10},"end":{"line":83,"column":100}},{"start":{},"end":{}}],"line":83},"13":{"loc":{"start":{"line":84,"column":10},"end":{"line":86,"column":11}},"type":"if","locations":[{"start":{"line":84,"column":10},"end":{"line":86,"column":11}},{"start":{},"end":{}}],"line":84},"14":{"loc":{"start":{"line":93,"column":14},"end":{"line":93,"column":105}},"type":"if","locations":[{"start":{"line":93,"column":14},"end":{"line":93,"column":105}},{"start":{},"end":{}}],"line":93},"15":{"loc":{"start":{"line":108,"column":41},"end":{"line":108,"column":60}},"type":"default-arg","locations":[{"start":{"line":108,"column":55},"end":{"line":108,"column":60}}],"line":108},"16":{"loc":{"start":{"line":111,"column":4},"end":{"line":111,"column":88}},"type":"if","locations":[{"start":{"line":111,"column":4},"end":{"line":111,"column":88}},{"start":{},"end":{}}],"line":111},"17":{"loc":{"start":{"line":115,"column":6},"end":{"line":128,"column":7}},"type":"if","locations":[{"start":{"line":115,"column":6},"end":{"line":128,"column":7}},{"start":{},"end":{}}],"line":115},"18":{"loc":{"start":{"line":115,"column":10},"end":{"line":115,"column":22}},"type":"binary-expr","locations":[{"start":{"line":115,"column":10},"end":{"line":115,"column":14}},{"start":{"line":115,"column":18},"end":{"line":115,"column":22}}],"line":115},"19":{"loc":{"start":{"line":121,"column":17},"end":{"line":121,"column":131}},"type":"cond-expr","locations":[{"start":{"line":121,"column":31},"end":{"line":121,"column":101}},{"start":{"line":121,"column":104},"end":{"line":121,"column":131}}],"line":121},"20":{"loc":{"start":{"line":124,"column":38},"end":{"line":124,"column":104}},"type":"cond-expr","locations":[{"start":{"line":124,"column":52},"end":{"line":124,"column":75}},{"start":{"line":124,"column":78},"end":{"line":124,"column":104}}],"line":124},"21":{"loc":{"start":{"line":138,"column":26},"end":{"line":138,"column":62}},"type":"cond-expr","locations":[{"start":{"line":138,"column":40},"end":{"line":138,"column":53}},{"start":{"line":138,"column":56},"end":{"line":138,"column":62}}],"line":138},"22":{"loc":{"start":{"line":143,"column":15},"end":{"line":145,"column":52}},"type":"cond-expr","locations":[{"start":{"line":144,"column":10},"end":{"line":144,"column":69}},{"start":{"line":145,"column":10},"end":{"line":145,"column":52}}],"line":143},"23":{"loc":{"start":{"line":168,"column":6},"end":{"line":169,"column":75}},"type":"if","locations":[{"start":{"line":168,"column":6},"end":{"line":169,"column":75}},{"start":{},"end":{}}],"line":168},"24":{"loc":{"start":{"line":179,"column":2},"end":{"line":179,"column":72}},"type":"if","locations":[{"start":{"line":179,"column":2},"end":{"line":179,"column":72}},{"start":{},"end":{}}],"line":179},"25":{"loc":{"start":{"line":183,"column":4},"end":{"line":183,"column":83}},"type":"if","locations":[{"start":{"line":183,"column":4},"end":{"line":183,"column":83}},{"start":{},"end":{}}],"line":183},"26":{"loc":{"start":{"line":183,"column":8},"end":{"line":183,"column":23}},"type":"binary-expr","locations":[{"start":{"line":183,"column":8},"end":{"line":183,"column":11}},{"start":{"line":183,"column":15},"end":{"line":183,"column":23}}],"line":183},"27":{"loc":{"start":{"line":187,"column":6},"end":{"line":187,"column":69}},"type":"if","locations":[{"start":{"line":187,"column":6},"end":{"line":187,"column":69}},{"start":{},"end":{}}],"line":187},"28":{"loc":{"start":{"line":188,"column":25},"end":{"line":188,"column":39}},"type":"binary-expr","locations":[{"start":{"line":188,"column":25},"end":{"line":188,"column":31}},{"start":{"line":188,"column":35},"end":{"line":188,"column":39}}],"line":188},"29":{"loc":{"start":{"line":198,"column":23},"end":{"line":198,"column":42}},"type":"cond-expr","locations":[{"start":{"line":198,"column":29},"end":{"line":198,"column":38}},{"start":{"line":198,"column":41},"end":{"line":198,"column":42}}],"line":198},"30":{"loc":{"start":{"line":201,"column":27},"end":{"line":201,"column":46}},"type":"cond-expr","locations":[{"start":{"line":201,"column":33},"end":{"line":201,"column":42}},{"start":{"line":201,"column":45},"end":{"line":201,"column":46}}],"line":201},"31":{"loc":{"start":{"line":202,"column":26},"end":{"line":202,"column":44}},"type":"cond-expr","locations":[{"start":{"line":202,"column":32},"end":{"line":202,"column":40}},{"start":{"line":202,"column":43},"end":{"line":202,"column":44}}],"line":202},"32":{"loc":{"start":{"line":206,"column":26},"end":{"line":206,"column":45}},"type":"cond-expr","locations":[{"start":{"line":206,"column":32},"end":{"line":206,"column":41}},{"start":{"line":206,"column":44},"end":{"line":206,"column":45}}],"line":206},"33":{"loc":{"start":{"line":217,"column":4},"end":{"line":217,"column":80}},"type":"if","locations":[{"start":{"line":217,"column":4},"end":{"line":217,"column":80}},{"start":{},"end":{}}],"line":217},"34":{"loc":{"start":{"line":229,"column":6},"end":{"line":229,"column":82}},"type":"if","locations":[{"start":{"line":229,"column":6},"end":{"line":229,"column":82}},{"start":{},"end":{}}],"line":229}},"s":{"0":1,"1":1,"2":1,"3":1,"4":1,"5":0,"6":0,"7":0,"8":0,"9":0,"10":1,"11":1,"12":1,"13":1,"14":0,"15":0,"16":0,"17":0,"18":1,"19":2,"20":2,"21":1,"22":1,"23":1,"24":0,"25":1,"26":1,"27":1,"28":4,"29":4,"30":1,"31":3,"32":3,"33":0,"34":3,"35":1,"36":2,"37":2,"38":0,"39":2,"40":1,"41":1,"42":1,"43":0,"44":1,"45":1,"46":0,"47":0,"48":0,"49":0,"50":1,"51":1,"52":0,"53":1,"54":0,"55":0,"56":0,"57":0,"58":0,"59":1,"60":0,"61":1,"62":1,"63":1,"64":0,"65":0,"66":0,"67":0,"68":1,"69":0,"70":0,"71":0,"72":0,"73":0,"74":0,"75":0,"76":0,"77":0,"78":0,"79":1,"80":0,"81":0,"82":0,"83":0,"84":0,"85":0,"86":0,"87":0,"88":0,"89":0,"90":1,"91":0,"92":0,"93":0,"94":0,"95":0,"96":1,"97":0,"98":0,"99":0,"100":0,"101":0,"102":1},"f":{"0":0,"1":0,"2":1,"3":0,"4":2,"5":1,"6":4,"7":3,"8":2,"9":1,"10":0,"11":1,"12":1,"13":0,"14":0,"15":0,"16":0,"17":0,"18":0,"19":0,"20":0,"21":0,"22":0,"23":0,"24":0,"25":0,"26":0,"27":0},"b":{"0":[0,0],"1":[1,0],"2":[0,0],"3":[1,1],"4":[2,2],"5":[0,1],"6":[1,3],"7":[4,4],"8":[0,3],"9":[1,2],"10":[0,2],"11":[1,1],"12":[0,1],"13":[1,0],"14":[0,0],"15":[1],"16":[0,1],"17":[0,0],"18":[0,0],"19":[0,0],"20":[0,0],"21":[0,1],"22":[0,1],"23":[0,0],"24":[0,0],"25":[0,0],"26":[0,0],"27":[0,0],"28":[0,0],"29":[0,0],"30":[0,0],"31":[0,0],"32":[0,0],"33":[0,0],"34":[0,0]},"_coverageSchema":"1a1c01bbd47fc00a2c39e90264f33305004495a9","hash":"9a1f23a608936bb24ecc2d8dc5513bcd44fd921a"}
,"C:\\Brayan\\Escritorio\\Proyecto_Mantenimiento\\smartlocker-qr\\src\\routes\\logs.js": {"path":"C:\\Brayan\\Escritorio\\Proyecto_Mantenimiento\\smartlocker-qr\\src\\routes\\logs.js","statementMap":{"0":{"start":{"line":2,"column":16},"end":{"line":2,"column":34}},"1":{"start":{"line":3,"column":15},"end":{"line":3,"column":31}},"2":{"start":{"line":4,"column":11},"end":{"line":4,"column":27}},"3":{"start":{"line":7,"column":0},"end":{"line":26,"column":3}},"4":{"start":{"line":8,"column":16},"end":{"line":20,"column":3}},"5":{"start":{"line":22,"column":2},"end":{"line":25,"column":5}},"6":{"start":{"line":23,"column":4},"end":{"line":23,"column":86}},"7":{"start":{"line":23,"column":13},"end":{"line":23,"column":86}},"8":{"start":{"line":24,"column":4},"end":{"line":24,"column":29}},"9":{"start":{"line":28,"column":0},"end":{"line":28,"column":24}}},"fnMap":{"0":{"name":"(anonymous_0)","decl":{"start":{"line":7,"column":16},"end":{"line":7,"column":17}},"loc":{"start":{"line":7,"column":30},"end":{"line":26,"column":1}},"line":7},"1":{"name":"(anonymous_1)","decl":{"start":{"line":22,"column":20},"end":{"line":22,"column":21}},"loc":{"start":{"line":22,"column":35},"end":{"line":25,"column":3}},"line":22}},"branchMap":{"0":{"loc":{"start":{"line":23,"column":4},"end":{"line":23,"column":86}},"type":"if","locations":[{"start":{"line":23,"column":4},"end":{"line":23,"column":86}},{"start":{},"end":{}}],"line":23}},"s":{"0":0,"1":0,"2":0,"3":0,"4":0,"5":0,"6":0,"7":0,"8":0,"9":0},"f":{"0":0,"1":0},"b":{"0":[0,0]}}
}
