{"C:\\Brayan\\Escritorio\\Proyecto_Mantenimiento\\smartlocker-qr\\src\\db.js": {"path":"C:\\Brayan\\Escritorio\\Proyecto_Mantenimiento\\smartlocker-qr\\src\\db.js","statementMap":{"0":{"start":{"line":2,"column":16},"end":{"line":2,"column":44}},"1":{"start":{"line":3,"column":13},"end":{"line":3,"column":33}},"2":{"start":{"line":5,"column":15},"end":{"line":5,"column":57}},"3":{"start":{"line":6,"column":11},"end":{"line":12,"column":2}},"4":{"start":{"line":7,"column":2},"end":{"line":11,"column":3}},"5":{"start":{"line":8,"column":4},"end":{"line":8,"column":64}},"6":{"start":{"line":10,"column":4},"end":{"line":10,"column":59}},"7":{"start":{"line":14,"column":0},"end":{"line":61,"column":3}},"8":{"start":{"line":15,"column":2},"end":{"line":22,"column":6}},"9":{"start":{"line":25,"column":2},"end":{"line":36,"column":5}},"10":{"start":{"line":35,"column":4},"end":{"line":35,"column":65}},"11":{"start":{"line":38,"column":2},"end":{"line":44,"column":6}},"12":{"start":{"line":46,"column":2},"end":{"line":52,"column":6}},"13":{"start":{"line":54,"column":2},"end":{"line":60,"column":6}},"14":{"start":{"line":63,"column":0},"end":{"line":63,"column":20}}},"fnMap":{"0":{"name":"(anonymous_0)","decl":{"start":{"line":6,"column":40},"end":{"line":6,"column":41}},"loc":{"start":{"line":6,"column":49},"end":{"line":12,"column":1}},"line":6},"1":{"name":"(anonymous_1)","decl":{"start":{"line":14,"column":13},"end":{"line":14,"column":14}},"loc":{"start":{"line":14,"column":19},"end":{"line":61,"column":1}},"line":14},"2":{"name":"(anonymous_2)","decl":{"start":{"line":32,"column":6},"end":{"line":32,"column":7}},"loc":{"start":{"line":32,"column":12},"end":{"line":36,"column":3}},"line":32},"3":{"name":"(anonymous_3)","decl":{"start":{"line":35,"column":52},"end":{"line":35,"column":53}},"loc":{"start":{"line":35,"column":61},"end":{"line":35,"column":63}},"line":35}},"branchMap":{"0":{"loc":{"start":{"line":7,"column":2},"end":{"line":11,"column":3}},"type":"if","locations":[{"start":{"line":7,"column":2},"end":{"line":11,"column":3}},{"start":{"line":9,"column":9},"end":{"line":11,"column":3}}],"line":7}},"s":{"0":0,"1":0,"2":0,"3":0,"4":0,"5":0,"6":0,"7":0,"8":0,"9":0,"10":0,"11":0,"12":0,"13":0,"14":0},"f":{"0":0,"1":0,"2":0,"3":0},"b":{"0":[0,0]}}
,"C:\\Brayan\\Escritorio\\Proyecto_Mantenimiento\\smartlocker-qr\\src\\models\\userModel.js": {"path":"C:\\Brayan\\Escritorio\\Proyecto_Mantenimiento\\smartlocker-qr\\src\\models\\userModel.js","statementMap":{"0":{"start":{"line":1,"column":11},"end":{"line":1,"column":27}},"1":{"start":{"line":3,"column":18},"end":{"line":29,"column":1}},"2":{"start":{"line":6,"column":4},"end":{"line":8,"column":7}},"3":{"start":{"line":7,"column":6},"end":{"line":7,"column":25}},"4":{"start":{"line":13,"column":43},"end":{"line":13,"column":51}},"5":{"start":{"line":14,"column":4},"end":{"line":20,"column":6}},"6":{"start":{"line":18,"column":8},"end":{"line":18,"column":35}},"7":{"start":{"line":25,"column":2},"end":{"line":27,"column":5}},"8":{"start":{"line":26,"column":4},"end":{"line":26,"column":23}},"9":{"start":{"line":31,"column":0},"end":{"line":31,"column":27}}},"fnMap":{"0":{"name":"(anonymous_0)","decl":{"start":{"line":5,"column":15},"end":{"line":5,"column":16}},"loc":{"start":{"line":5,"column":36},"end":{"line":9,"column":3}},"line":5},"1":{"name":"(anonymous_1)","decl":{"start":{"line":6,"column":59},"end":{"line":6,"column":60}},"loc":{"start":{"line":6,"column":73},"end":{"line":8,"column":5}},"line":6},"2":{"name":"(anonymous_2)","decl":{"start":{"line":12,"column":14},"end":{"line":12,"column":15}},"loc":{"start":{"line":12,"column":38},"end":{"line":21,"column":3}},"line":12},"3":{"name":"(anonymous_3)","decl":{"start":{"line":17,"column":6},"end":{"line":17,"column":7}},"loc":{"start":{"line":17,"column":21},"end":{"line":19,"column":7}},"line":17},"4":{"name":"(anonymous_4)","decl":{"start":{"line":24,"column":10},"end":{"line":24,"column":11}},"loc":{"start":{"line":24,"column":28},"end":{"line":28,"column":1}},"line":24},"5":{"name":"(anonymous_5)","decl":{"start":{"line":25,"column":82},"end":{"line":25,"column":83}},"loc":{"start":{"line":25,"column":96},"end":{"line":27,"column":3}},"line":25}},"branchMap":{},"s":{"0":2,"1":2,"2":15,"3":15,"4":11,"5":11,"6":11,"7":3,"8":3,"9":2},"f":{"0":15,"1":15,"2":11,"3":11,"4":3,"5":3},"b":{},"_coverageSchema":"1a1c01bbd47fc00a2c39e90264f33305004495a9","hash":"4e57faab8cd26ba73803a76157cc211135fcf36d"}
,"C:\\Brayan\\Escritorio\\Proyecto_Mantenimiento\\smartlocker-qr\\src\\routes\\auth.js": {"path":"C:\\Brayan\\Escritorio\\Proyecto_Mantenimiento\\smartlocker-qr\\src\\routes\\auth.js","statementMap":{"0":{"start":{"line":2,"column":16},"end":{"line":2,"column":34}},"1":{"start":{"line":3,"column":15},"end":{"line":3,"column":31}},"2":{"start":{"line":4,"column":15},"end":{"line":4,"column":32}},"3":{"start":{"line":5,"column":15},"end":{"line":5,"column":32}},"4":{"start":{"line":6,"column":18},"end":{"line":6,"column":48}},"5":{"start":{"line":7,"column":11},"end":{"line":7,"column":27}},"6":{"start":{"line":8,"column":24},"end":{"line":8,"column":46}},"7":{"start":{"line":9,"column":22},"end":{"line":9,"column":40}},"8":{"start":{"line":11,"column":20},"end":{"line":11,"column":22}},"9":{"start":{"line":15,"column":2},"end":{"line":17,"column":5}},"10":{"start":{"line":16,"column":4},"end":{"line":16,"column":74}},"11":{"start":{"line":16,"column":39},"end":{"line":16,"column":71}},"12":{"start":{"line":21,"column":2},"end":{"line":26,"column":5}},"13":{"start":{"line":22,"column":4},"end":{"line":25,"column":7}},"14":{"start":{"line":23,"column":6},"end":{"line":23,"column":34}},"15":{"start":{"line":23,"column":15},"end":{"line":23,"column":34}},"16":{"start":{"line":24,"column":6},"end":{"line":24,"column":20}},"17":{"start":{"line":30,"column":2},"end":{"line":32,"column":5}},"18":{"start":{"line":31,"column":4},"end":{"line":31,"column":83}},"19":{"start":{"line":31,"column":48},"end":{"line":31,"column":80}},"20":{"start":{"line":36,"column":2},"end":{"line":38,"column":5}},"21":{"start":{"line":37,"column":4},"end":{"line":37,"column":83}},"22":{"start":{"line":37,"column":49},"end":{"line":37,"column":80}},"23":{"start":{"line":42,"column":0},"end":{"line":87,"column":3}},"24":{"start":{"line":43,"column":41},"end":{"line":43,"column":49}},"25":{"start":{"line":45,"column":2},"end":{"line":47,"column":3}},"26":{"start":{"line":46,"column":4},"end":{"line":46,"column":80}},"27":{"start":{"line":49,"column":2},"end":{"line":51,"column":3}},"28":{"start":{"line":50,"column":4},"end":{"line":50,"column":93}},"29":{"start":{"line":53,"column":2},"end":{"line":86,"column":3}},"30":{"start":{"line":54,"column":21},"end":{"line":54,"column":45}},"31":{"start":{"line":55,"column":4},"end":{"line":55,"column":89}},"32":{"start":{"line":55,"column":18},"end":{"line":55,"column":89}},"33":{"start":{"line":57,"column":17},"end":{"line":57,"column":57}},"34":{"start":{"line":58,"column":22},"end":{"line":58,"column":76}},"35":{"start":{"line":60,"column":18},"end":{"line":60,"column":49}},"36":{"start":{"line":61,"column":20},"end":{"line":61,"column":64}},"37":{"start":{"line":62,"column":15},"end":{"line":62,"column":77}},"38":{"start":{"line":64,"column":4},"end":{"line":66,"column":6}},"39":{"start":{"line":65,"column":6},"end":{"line":65,"column":49}},"40":{"start":{"line":68,"column":4},"end":{"line":80,"column":5}},"41":{"start":{"line":69,"column":6},"end":{"line":77,"column":8}},"42":{"start":{"line":79,"column":6},"end":{"line":79,"column":68}},"43":{"start":{"line":82,"column":4},"end":{"line":82,"column":78}},"44":{"start":{"line":84,"column":4},"end":{"line":84,"column":46}},"45":{"start":{"line":85,"column":4},"end":{"line":85,"column":73}},"46":{"start":{"line":90,"column":0},"end":{"line":117,"column":3}},"47":{"start":{"line":91,"column":30},"end":{"line":91,"column":38}},"48":{"start":{"line":92,"column":2},"end":{"line":92,"column":89}},"49":{"start":{"line":92,"column":27},"end":{"line":92,"column":89}},"50":{"start":{"line":94,"column":2},"end":{"line":116,"column":3}},"51":{"start":{"line":95,"column":17},"end":{"line":95,"column":41}},"52":{"start":{"line":96,"column":4},"end":{"line":96,"column":80}},"53":{"start":{"line":96,"column":15},"end":{"line":96,"column":80}},"54":{"start":{"line":98,"column":15},"end":{"line":98,"column":60}},"55":{"start":{"line":99,"column":4},"end":{"line":99,"column":78}},"56":{"start":{"line":99,"column":13},"end":{"line":99,"column":78}},"57":{"start":{"line":101,"column":18},"end":{"line":101,"column":49}},"58":{"start":{"line":102,"column":22},"end":{"line":102,"column":78}},"59":{"start":{"line":104,"column":4},"end":{"line":107,"column":6}},"60":{"start":{"line":109,"column":20},"end":{"line":109,"column":62}},"61":{"start":{"line":110,"column":16},"end":{"line":110,"column":78}},"62":{"start":{"line":112,"column":4},"end":{"line":112,"column":99}},"63":{"start":{"line":114,"column":4},"end":{"line":114,"column":43}},"64":{"start":{"line":115,"column":4},"end":{"line":115,"column":73}},"65":{"start":{"line":120,"column":0},"end":{"line":125,"column":3}},"66":{"start":{"line":121,"column":2},"end":{"line":124,"column":5}},"67":{"start":{"line":122,"column":4},"end":{"line":122,"column":81}},"68":{"start":{"line":122,"column":13},"end":{"line":122,"column":81}},"69":{"start":{"line":123,"column":4},"end":{"line":123,"column":30}},"70":{"start":{"line":128,"column":0},"end":{"line":142,"column":3}},"71":{"start":{"line":129,"column":17},"end":{"line":129,"column":27}},"72":{"start":{"line":132,"column":2},"end":{"line":132,"column":105}},"73":{"start":{"line":135,"column":2},"end":{"line":135,"column":57}},"74":{"start":{"line":138,"column":2},"end":{"line":141,"column":5}},"75":{"start":{"line":139,"column":4},"end":{"line":139,"column":81}},"76":{"start":{"line":139,"column":13},"end":{"line":139,"column":81}},"77":{"start":{"line":140,"column":4},"end":{"line":140,"column":71}},"78":{"start":{"line":144,"column":0},"end":{"line":144,"column":24}}},"fnMap":{"0":{"name":"dbGet","decl":{"start":{"line":14,"column":9},"end":{"line":14,"column":14}},"loc":{"start":{"line":14,"column":28},"end":{"line":18,"column":1}},"line":14},"1":{"name":"(anonymous_1)","decl":{"start":{"line":15,"column":21},"end":{"line":15,"column":22}},"loc":{"start":{"line":15,"column":42},"end":{"line":17,"column":3}},"line":15},"2":{"name":"(anonymous_2)","decl":{"start":{"line":16,"column":24},"end":{"line":16,"column":25}},"loc":{"start":{"line":16,"column":39},"end":{"line":16,"column":71}},"line":16},"3":{"name":"dbRun","decl":{"start":{"line":20,"column":9},"end":{"line":20,"column":14}},"loc":{"start":{"line":20,"column":28},"end":{"line":27,"column":1}},"line":20},"4":{"name":"(anonymous_4)","decl":{"start":{"line":21,"column":21},"end":{"line":21,"column":22}},"loc":{"start":{"line":21,"column":42},"end":{"line":26,"column":3}},"line":21},"5":{"name":"(anonymous_5)","decl":{"start":{"line":22,"column":24},"end":{"line":22,"column":25}},"loc":{"start":{"line":22,"column":39},"end":{"line":25,"column":5}},"line":22},"6":{"name":"findByEmail","decl":{"start":{"line":29,"column":9},"end":{"line":29,"column":20}},"loc":{"start":{"line":29,"column":28},"end":{"line":33,"column":1}},"line":29},"7":{"name":"(anonymous_7)","decl":{"start":{"line":30,"column":21},"end":{"line":30,"column":22}},"loc":{"start":{"line":30,"column":42},"end":{"line":32,"column":3}},"line":30},"8":{"name":"(anonymous_8)","decl":{"start":{"line":31,"column":33},"end":{"line":31,"column":34}},"loc":{"start":{"line":31,"column":48},"end":{"line":31,"column":80}},"line":31},"9":{"name":"createUser","decl":{"start":{"line":35,"column":9},"end":{"line":35,"column":19}},"loc":{"start":{"line":35,"column":30},"end":{"line":39,"column":1}},"line":35},"10":{"name":"(anonymous_10)","decl":{"start":{"line":36,"column":21},"end":{"line":36,"column":22}},"loc":{"start":{"line":36,"column":42},"end":{"line":38,"column":3}},"line":36},"11":{"name":"(anonymous_11)","decl":{"start":{"line":37,"column":35},"end":{"line":37,"column":36}},"loc":{"start":{"line":37,"column":49},"end":{"line":37,"column":80}},"line":37},"12":{"name":"(anonymous_12)","decl":{"start":{"line":42,"column":25},"end":{"line":42,"column":26}},"loc":{"start":{"line":42,"column":45},"end":{"line":87,"column":1}},"line":42},"13":{"name":"(anonymous_13)","decl":{"start":{"line":64,"column":97},"end":{"line":64,"column":98}},"loc":{"start":{"line":65,"column":6},"end":{"line":65,"column":49}},"line":65},"14":{"name":"(anonymous_14)","decl":{"start":{"line":90,"column":22},"end":{"line":90,"column":23}},"loc":{"start":{"line":90,"column":42},"end":{"line":117,"column":1}},"line":90},"15":{"name":"(anonymous_15)","decl":{"start":{"line":120,"column":21},"end":{"line":120,"column":22}},"loc":{"start":{"line":120,"column":35},"end":{"line":125,"column":1}},"line":120},"16":{"name":"(anonymous_16)","decl":{"start":{"line":121,"column":67},"end":{"line":121,"column":68}},"loc":{"start":{"line":121,"column":82},"end":{"line":124,"column":3}},"line":121},"17":{"name":"(anonymous_17)","decl":{"start":{"line":128,"column":28},"end":{"line":128,"column":29}},"loc":{"start":{"line":128,"column":42},"end":{"line":142,"column":1}},"line":128},"18":{"name":"(anonymous_18)","decl":{"start":{"line":138,"column":49},"end":{"line":138,"column":50}},"loc":{"start":{"line":138,"column":64},"end":{"line":141,"column":3}},"line":138}},"branchMap":{"0":{"loc":{"start":{"line":16,"column":39},"end":{"line":16,"column":71}},"type":"cond-expr","locations":[{"start":{"line":16,"column":45},"end":{"line":16,"column":56}},{"start":{"line":16,"column":59},"end":{"line":16,"column":71}}],"line":16},"1":{"loc":{"start":{"line":23,"column":6},"end":{"line":23,"column":34}},"type":"if","locations":[{"start":{"line":23,"column":6},"end":{"line":23,"column":34}},{"start":{},"end":{}}],"line":23},"2":{"loc":{"start":{"line":31,"column":48},"end":{"line":31,"column":80}},"type":"cond-expr","locations":[{"start":{"line":31,"column":54},"end":{"line":31,"column":65}},{"start":{"line":31,"column":68},"end":{"line":31,"column":80}}],"line":31},"3":{"loc":{"start":{"line":37,"column":49},"end":{"line":37,"column":80}},"type":"cond-expr","locations":[{"start":{"line":37,"column":55},"end":{"line":37,"column":66}},{"start":{"line":37,"column":69},"end":{"line":37,"column":80}}],"line":37},"4":{"loc":{"start":{"line":45,"column":2},"end":{"line":47,"column":3}},"type":"if","locations":[{"start":{"line":45,"column":2},"end":{"line":47,"column":3}},{"start":{},"end":{}}],"line":45},"5":{"loc":{"start":{"line":45,"column":6},"end":{"line":45,"column":42}},"type":"binary-expr","locations":[{"start":{"line":45,"column":6},"end":{"line":45,"column":11}},{"start":{"line":45,"column":15},"end":{"line":45,"column":19}},{"start":{"line":45,"column":23},"end":{"line":45,"column":29}},{"start":{"line":45,"column":33},"end":{"line":45,"column":42}}],"line":45},"6":{"loc":{"start":{"line":49,"column":2},"end":{"line":51,"column":3}},"type":"if","locations":[{"start":{"line":49,"column":2},"end":{"line":51,"column":3}},{"start":{},"end":{}}],"line":49},"7":{"loc":{"start":{"line":55,"column":4},"end":{"line":55,"column":89}},"type":"if","locations":[{"start":{"line":55,"column":4},"end":{"line":55,"column":89}},{"start":{},"end":{}}],"line":55},"8":{"loc":{"start":{"line":92,"column":2},"end":{"line":92,"column":89}},"type":"if","locations":[{"start":{"line":92,"column":2},"end":{"line":92,"column":89}},{"start":{},"end":{}}],"line":92},"9":{"loc":{"start":{"line":92,"column":6},"end":{"line":92,"column":25}},"type":"binary-expr","locations":[{"start":{"line":92,"column":6},"end":{"line":92,"column":12}},{"start":{"line":92,"column":16},"end":{"line":92,"column":25}}],"line":92},"10":{"loc":{"start":{"line":96,"column":4},"end":{"line":96,"column":80}},"type":"if","locations":[{"start":{"line":96,"column":4},"end":{"line":96,"column":80}},{"start":{},"end":{}}],"line":96},"11":{"loc":{"start":{"line":99,"column":4},"end":{"line":99,"column":78}},"type":"if","locations":[{"start":{"line":99,"column":4},"end":{"line":99,"column":78}},{"start":{},"end":{}}],"line":99},"12":{"loc":{"start":{"line":122,"column":4},"end":{"line":122,"column":81}},"type":"if","locations":[{"start":{"line":122,"column":4},"end":{"line":122,"column":81}},{"start":{},"end":{}}],"line":122},"13":{"loc":{"start":{"line":139,"column":4},"end":{"line":139,"column":81}},"type":"if","locations":[{"start":{"line":139,"column":4},"end":{"line":139,"column":81}},{"start":{},"end":{}}],"line":139}},"s":{"0":1,"1":1,"2":1,"3":1,"4":1,"5":1,"6":1,"7":1,"8":1,"9":0,"10":0,"11":0,"12":8,"13":8,"14":8,"15":0,"16":8,"17":11,"18":11,"19":11,"20":4,"21":4,"22":4,"23":1,"24":7,"25":7,"26":2,"27":5,"28":0,"29":5,"30":5,"31":5,"32":1,"33":4,"34":4,"35":4,"36":4,"37":4,"38":4,"39":0,"40":4,"41":4,"42":0,"43":4,"44":0,"45":0,"46":1,"47":7,"48":7,"49":1,"50":6,"51":6,"52":6,"53":1,"54":5,"55":5,"56":1,"57":4,"58":4,"59":4,"60":4,"61":4,"62":4,"63":0,"64":0,"65":1,"66":0,"67":0,"68":0,"69":0,"70":1,"71":0,"72":0,"73":0,"74":0,"75":0,"76":0,"77":0,"78":1},"f":{"0":0,"1":0,"2":0,"3":8,"4":8,"5":8,"6":11,"7":11,"8":11,"9":4,"10":4,"11":4,"12":7,"13":0,"14":7,"15":0,"16":0,"17":0,"18":0},"b":{"0":[0,0],"1":[0,8],"2":[0,11],"3":[0,4],"4":[2,5],"5":[7,7,5,5],"6":[0,5],"7":[1,4],"8":[1,6],"9":[7,7],"10":[1,5],"11":[1,4],"12":[0,0],"13":[0,0]},"_coverageSchema":"1a1c01bbd47fc00a2c39e90264f33305004495a9","hash":"bcf6946732b364c35b1dc72c192820bbb95e42bb"}
,"C:\\Brayan\\Escritorio\\Proyecto_Mantenimiento\\smartlocker-qr\\src\\routes\\lockers.js": {"path":"C:\\Brayan\\Escritorio\\Proyecto_Mantenimiento\\smartlocker-qr\\src\\routes\\lockers.js","statementMap":{"0":{"start":{"line":2,"column":16},"end":{"line":2,"column":34}},"1":{"start":{"line":3,"column":15},"end":{"line":3,"column":31}},"2":{"start":{"line":4,"column":11},"end":{"line":4,"column":27}},"3":{"start":{"line":5,"column":22},"end":{"line":5,"column":40}},"4":{"start":{"line":8,"column":0},"end":{"line":24,"column":3}},"5":{"start":{"line":9,"column":16},"end":{"line":19,"column":3}},"6":{"start":{"line":20,"column":2},"end":{"line":23,"column":5}},"7":{"start":{"line":21,"column":4},"end":{"line":21,"column":64}},"8":{"start":{"line":21,"column":13},"end":{"line":21,"column":64}},"9":{"start":{"line":22,"column":4},"end":{"line":22,"column":32}},"10":{"start":{"line":27,"column":0},"end":{"line":35,"column":3}},"11":{"start":{"line":28,"column":19},"end":{"line":28,"column":27}},"12":{"start":{"line":29,"column":2},"end":{"line":29,"column":70}},"13":{"start":{"line":29,"column":13},"end":{"line":29,"column":70}},"14":{"start":{"line":31,"column":2},"end":{"line":34,"column":5}},"15":{"start":{"line":32,"column":4},"end":{"line":32,"column":81}},"16":{"start":{"line":32,"column":13},"end":{"line":32,"column":81}},"17":{"start":{"line":33,"column":4},"end":{"line":33,"column":50}},"18":{"start":{"line":38,"column":0},"end":{"line":57,"column":3}},"19":{"start":{"line":39,"column":31},"end":{"line":39,"column":39}},"20":{"start":{"line":40,"column":2},"end":{"line":40,"column":83}},"21":{"start":{"line":40,"column":28},"end":{"line":40,"column":83}},"22":{"start":{"line":42,"column":2},"end":{"line":56,"column":4}},"23":{"start":{"line":46,"column":6},"end":{"line":46,"column":66}},"24":{"start":{"line":46,"column":15},"end":{"line":46,"column":66}},"25":{"start":{"line":49,"column":6},"end":{"line":52,"column":8}},"26":{"start":{"line":54,"column":6},"end":{"line":54,"column":54}},"27":{"start":{"line":61,"column":2},"end":{"line":74,"column":5}},"28":{"start":{"line":62,"column":4},"end":{"line":62,"column":94}},"29":{"start":{"line":62,"column":13},"end":{"line":62,"column":94}},"30":{"start":{"line":63,"column":4},"end":{"line":65,"column":5}},"31":{"start":{"line":64,"column":6},"end":{"line":64,"column":93}},"32":{"start":{"line":66,"column":4},"end":{"line":73,"column":6}},"33":{"start":{"line":70,"column":8},"end":{"line":70,"column":101}},"34":{"start":{"line":70,"column":19},"end":{"line":70,"column":101}},"35":{"start":{"line":71,"column":8},"end":{"line":71,"column":50}},"36":{"start":{"line":78,"column":0},"end":{"line":104,"column":3}},"37":{"start":{"line":79,"column":28},"end":{"line":79,"column":36}},"38":{"start":{"line":82,"column":2},"end":{"line":84,"column":3}},"39":{"start":{"line":83,"column":4},"end":{"line":83,"column":75}},"40":{"start":{"line":87,"column":2},"end":{"line":103,"column":5}},"41":{"start":{"line":88,"column":4},"end":{"line":88,"column":88}},"42":{"start":{"line":88,"column":13},"end":{"line":88,"column":88}},"43":{"start":{"line":89,"column":4},"end":{"line":89,"column":87}},"44":{"start":{"line":89,"column":18},"end":{"line":89,"column":87}},"45":{"start":{"line":92,"column":4},"end":{"line":102,"column":7}},"46":{"start":{"line":93,"column":6},"end":{"line":93,"column":97}},"47":{"start":{"line":93,"column":21},"end":{"line":93,"column":97}},"48":{"start":{"line":95,"column":6},"end":{"line":101,"column":7}},"49":{"start":{"line":97,"column":8},"end":{"line":97,"column":40}},"50":{"start":{"line":100,"column":8},"end":{"line":100,"column":39}},"51":{"start":{"line":111,"column":2},"end":{"line":150,"column":5}},"52":{"start":{"line":112,"column":4},"end":{"line":112,"column":88}},"53":{"start":{"line":112,"column":13},"end":{"line":112,"column":88}},"54":{"start":{"line":115,"column":4},"end":{"line":130,"column":7}},"55":{"start":{"line":116,"column":6},"end":{"line":129,"column":7}},"56":{"start":{"line":117,"column":8},"end":{"line":128,"column":9}},"57":{"start":{"line":118,"column":23},"end":{"line":124,"column":48}},"58":{"start":{"line":125,"column":10},"end":{"line":125,"column":112}},"59":{"start":{"line":127,"column":10},"end":{"line":127,"column":60}},"60":{"start":{"line":133,"column":4},"end":{"line":135,"column":13}},"61":{"start":{"line":134,"column":6},"end":{"line":134,"column":84}},"62":{"start":{"line":138,"column":4},"end":{"line":139,"column":68}},"63":{"start":{"line":142,"column":4},"end":{"line":149,"column":7}},"64":{"start":{"line":154,"column":0},"end":{"line":175,"column":3}},"65":{"start":{"line":155,"column":2},"end":{"line":174,"column":4}},"66":{"start":{"line":169,"column":6},"end":{"line":170,"column":75}},"67":{"start":{"line":170,"column":8},"end":{"line":170,"column":75}},"68":{"start":{"line":172,"column":6},"end":{"line":172,"column":31}},"69":{"start":{"line":178,"column":0},"end":{"line":192,"column":3}},"70":{"start":{"line":179,"column":20},"end":{"line":179,"column":29}},"71":{"start":{"line":180,"column":2},"end":{"line":180,"column":72}},"72":{"start":{"line":180,"column":14},"end":{"line":180,"column":72}},"73":{"start":{"line":183,"column":2},"end":{"line":191,"column":5}},"74":{"start":{"line":184,"column":4},"end":{"line":184,"column":83}},"75":{"start":{"line":184,"column":25},"end":{"line":184,"column":83}},"76":{"start":{"line":187,"column":4},"end":{"line":190,"column":7}},"77":{"start":{"line":188,"column":6},"end":{"line":188,"column":69}},"78":{"start":{"line":188,"column":15},"end":{"line":188,"column":69}},"79":{"start":{"line":189,"column":6},"end":{"line":189,"column":43}},"80":{"start":{"line":195,"column":0},"end":{"line":212,"column":3}},"81":{"start":{"line":196,"column":16},"end":{"line":196,"column":18}},"82":{"start":{"line":198,"column":2},"end":{"line":211,"column":5}},"83":{"start":{"line":199,"column":4},"end":{"line":199,"column":43}},"84":{"start":{"line":201,"column":4},"end":{"line":210,"column":7}},"85":{"start":{"line":202,"column":6},"end":{"line":202,"column":47}},"86":{"start":{"line":203,"column":6},"end":{"line":203,"column":45}},"87":{"start":{"line":204,"column":6},"end":{"line":204,"column":69}},"88":{"start":{"line":206,"column":6},"end":{"line":209,"column":9}},"89":{"start":{"line":207,"column":8},"end":{"line":207,"column":46}},"90":{"start":{"line":208,"column":8},"end":{"line":208,"column":24}},"91":{"start":{"line":215,"column":0},"end":{"line":221,"column":3}},"92":{"start":{"line":216,"column":17},"end":{"line":216,"column":27}},"93":{"start":{"line":217,"column":2},"end":{"line":220,"column":5}},"94":{"start":{"line":218,"column":4},"end":{"line":218,"column":80}},"95":{"start":{"line":218,"column":13},"end":{"line":218,"column":80}},"96":{"start":{"line":219,"column":4},"end":{"line":219,"column":56}},"97":{"start":{"line":224,"column":0},"end":{"line":234,"column":3}},"98":{"start":{"line":225,"column":17},"end":{"line":225,"column":27}},"99":{"start":{"line":226,"column":2},"end":{"line":233,"column":4}},"100":{"start":{"line":230,"column":6},"end":{"line":230,"column":82}},"101":{"start":{"line":230,"column":15},"end":{"line":230,"column":82}},"102":{"start":{"line":231,"column":6},"end":{"line":231,"column":71}},"103":{"start":{"line":236,"column":0},"end":{"line":236,"column":24}}},"fnMap":{"0":{"name":"(anonymous_0)","decl":{"start":{"line":8,"column":16},"end":{"line":8,"column":17}},"loc":{"start":{"line":8,"column":30},"end":{"line":24,"column":1}},"line":8},"1":{"name":"(anonymous_1)","decl":{"start":{"line":20,"column":20},"end":{"line":20,"column":21}},"loc":{"start":{"line":20,"column":35},"end":{"line":23,"column":3}},"line":20},"2":{"name":"(anonymous_2)","decl":{"start":{"line":27,"column":17},"end":{"line":27,"column":18}},"loc":{"start":{"line":27,"column":31},"end":{"line":35,"column":1}},"line":27},"3":{"name":"(anonymous_3)","decl":{"start":{"line":31,"column":77},"end":{"line":31,"column":78}},"loc":{"start":{"line":31,"column":92},"end":{"line":34,"column":3}},"line":31},"4":{"name":"(anonymous_4)","decl":{"start":{"line":38,"column":23},"end":{"line":38,"column":24}},"loc":{"start":{"line":38,"column":37},"end":{"line":57,"column":1}},"line":38},"5":{"name":"(anonymous_5)","decl":{"start":{"line":45,"column":4},"end":{"line":45,"column":5}},"loc":{"start":{"line":45,"column":19},"end":{"line":55,"column":5}},"line":45},"6":{"name":"autoAssignAndOpen","decl":{"start":{"line":60,"column":9},"end":{"line":60,"column":26}},"loc":{"start":{"line":60,"column":40},"end":{"line":75,"column":1}},"line":60},"7":{"name":"(anonymous_7)","decl":{"start":{"line":61,"column":69},"end":{"line":61,"column":70}},"loc":{"start":{"line":61,"column":90},"end":{"line":74,"column":3}},"line":61},"8":{"name":"(anonymous_8)","decl":{"start":{"line":69,"column":6},"end":{"line":69,"column":7}},"loc":{"start":{"line":69,"column":17},"end":{"line":72,"column":7}},"line":69},"9":{"name":"(anonymous_9)","decl":{"start":{"line":78,"column":29},"end":{"line":78,"column":30}},"loc":{"start":{"line":78,"column":43},"end":{"line":104,"column":1}},"line":78},"10":{"name":"(anonymous_10)","decl":{"start":{"line":87,"column":84},"end":{"line":87,"column":85}},"loc":{"start":{"line":87,"column":102},"end":{"line":103,"column":3}},"line":87},"11":{"name":"(anonymous_11)","decl":{"start":{"line":92,"column":73},"end":{"line":92,"column":74}},"loc":{"start":{"line":92,"column":96},"end":{"line":102,"column":5}},"line":92},"12":{"name":"openLocker","decl":{"start":{"line":109,"column":9},"end":{"line":109,"column":19}},"loc":{"start":{"line":109,"column":62},"end":{"line":151,"column":1}},"line":109},"13":{"name":"(anonymous_13)","decl":{"start":{"line":111,"column":76},"end":{"line":111,"column":77}},"loc":{"start":{"line":111,"column":85},"end":{"line":150,"column":3}},"line":111},"14":{"name":"(anonymous_14)","decl":{"start":{"line":115,"column":67},"end":{"line":115,"column":68}},"loc":{"start":{"line":115,"column":88},"end":{"line":130,"column":5}},"line":115},"15":{"name":"(anonymous_15)","decl":{"start":{"line":133,"column":15},"end":{"line":133,"column":16}},"loc":{"start":{"line":133,"column":21},"end":{"line":135,"column":5}},"line":133},"16":{"name":"(anonymous_16)","decl":{"start":{"line":154,"column":20},"end":{"line":154,"column":21}},"loc":{"start":{"line":154,"column":34},"end":{"line":175,"column":1}},"line":154},"17":{"name":"(anonymous_17)","decl":{"start":{"line":168,"column":4},"end":{"line":168,"column":5}},"loc":{"start":{"line":168,"column":19},"end":{"line":173,"column":5}},"line":168},"18":{"name":"(anonymous_18)","decl":{"start":{"line":178,"column":25},"end":{"line":178,"column":26}},"loc":{"start":{"line":178,"column":39},"end":{"line":192,"column":1}},"line":178},"19":{"name":"(anonymous_19)","decl":{"start":{"line":183,"column":66},"end":{"line":183,"column":67}},"loc":{"start":{"line":183,"column":84},"end":{"line":191,"column":3}},"line":183},"20":{"name":"(anonymous_20)","decl":{"start":{"line":187,"column":82},"end":{"line":187,"column":83}},"loc":{"start":{"line":187,"column":99},"end":{"line":190,"column":5}},"line":187},"21":{"name":"(anonymous_21)","decl":{"start":{"line":195,"column":27},"end":{"line":195,"column":28}},"loc":{"start":{"line":195,"column":41},"end":{"line":212,"column":1}},"line":195},"22":{"name":"(anonymous_22)","decl":{"start":{"line":198,"column":52},"end":{"line":198,"column":53}},"loc":{"start":{"line":198,"column":66},"end":{"line":211,"column":3}},"line":198},"23":{"name":"(anonymous_23)","decl":{"start":{"line":201,"column":112},"end":{"line":201,"column":113}},"loc":{"start":{"line":201,"column":126},"end":{"line":210,"column":5}},"line":201},"24":{"name":"(anonymous_24)","decl":{"start":{"line":206,"column":62},"end":{"line":206,"column":63}},"loc":{"start":{"line":206,"column":76},"end":{"line":209,"column":7}},"line":206},"25":{"name":"(anonymous_25)","decl":{"start":{"line":215,"column":22},"end":{"line":215,"column":23}},"loc":{"start":{"line":215,"column":36},"end":{"line":221,"column":1}},"line":215},"26":{"name":"(anonymous_26)","decl":{"start":{"line":217,"column":51},"end":{"line":217,"column":52}},"loc":{"start":{"line":217,"column":60},"end":{"line":220,"column":3}},"line":217},"27":{"name":"(anonymous_27)","decl":{"start":{"line":224,"column":26},"end":{"line":224,"column":27}},"loc":{"start":{"line":224,"column":40},"end":{"line":234,"column":1}},"line":224},"28":{"name":"(anonymous_28)","decl":{"start":{"line":229,"column":4},"end":{"line":229,"column":5}},"loc":{"start":{"line":229,"column":13},"end":{"line":232,"column":5}},"line":229}},"branchMap":{"0":{"loc":{"start":{"line":21,"column":4},"end":{"line":21,"column":64}},"type":"if","locations":[{"start":{"line":21,"column":4},"end":{"line":21,"column":64}},{"start":{},"end":{}}],"line":21},"1":{"loc":{"start":{"line":29,"column":2},"end":{"line":29,"column":70}},"type":"if","locations":[{"start":{"line":29,"column":2},"end":{"line":29,"column":70}},{"start":{},"end":{}}],"line":29},"2":{"loc":{"start":{"line":32,"column":4},"end":{"line":32,"column":81}},"type":"if","locations":[{"start":{"line":32,"column":4},"end":{"line":32,"column":81}},{"start":{},"end":{}}],"line":32},"3":{"loc":{"start":{"line":40,"column":2},"end":{"line":40,"column":83}},"type":"if","locations":[{"start":{"line":40,"column":2},"end":{"line":40,"column":83}},{"start":{},"end":{}}],"line":40},"4":{"loc":{"start":{"line":40,"column":6},"end":{"line":40,"column":26}},"type":"binary-expr","locations":[{"start":{"line":40,"column":6},"end":{"line":40,"column":15}},{"start":{"line":40,"column":19},"end":{"line":40,"column":26}}],"line":40},"5":{"loc":{"start":{"line":46,"column":6},"end":{"line":46,"column":66}},"type":"if","locations":[{"start":{"line":46,"column":6},"end":{"line":46,"column":66}},{"start":{},"end":{}}],"line":46},"6":{"loc":{"start":{"line":62,"column":4},"end":{"line":62,"column":94}},"type":"if","locations":[{"start":{"line":62,"column":4},"end":{"line":62,"column":94}},{"start":{},"end":{}}],"line":62},"7":{"loc":{"start":{"line":63,"column":4},"end":{"line":65,"column":5}},"type":"if","locations":[{"start":{"line":63,"column":4},"end":{"line":65,"column":5}},{"start":{},"end":{}}],"line":63},"8":{"loc":{"start":{"line":70,"column":8},"end":{"line":70,"column":101}},"type":"if","locations":[{"start":{"line":70,"column":8},"end":{"line":70,"column":101}},{"start":{},"end":{}}],"line":70},"9":{"loc":{"start":{"line":82,"column":2},"end":{"line":84,"column":3}},"type":"if","locations":[{"start":{"line":82,"column":2},"end":{"line":84,"column":3}},{"start":{},"end":{}}],"line":82},"10":{"loc":{"start":{"line":82,"column":6},"end":{"line":82,"column":23}},"type":"binary-expr","locations":[{"start":{"line":82,"column":6},"end":{"line":82,"column":13}},{"start":{"line":82,"column":17},"end":{"line":82,"column":23}}],"line":82},"11":{"loc":{"start":{"line":88,"column":4},"end":{"line":88,"column":88}},"type":"if","locations":[{"start":{"line":88,"column":4},"end":{"line":88,"column":88}},{"start":{},"end":{}}],"line":88},"12":{"loc":{"start":{"line":89,"column":4},"end":{"line":89,"column":87}},"type":"if","locations":[{"start":{"line":89,"column":4},"end":{"line":89,"column":87}},{"start":{},"end":{}}],"line":89},"13":{"loc":{"start":{"line":93,"column":6},"end":{"line":93,"column":97}},"type":"if","locations":[{"start":{"line":93,"column":6},"end":{"line":93,"column":97}},{"start":{},"end":{}}],"line":93},"14":{"loc":{"start":{"line":95,"column":6},"end":{"line":101,"column":7}},"type":"if","locations":[{"start":{"line":95,"column":6},"end":{"line":101,"column":7}},{"start":{"line":98,"column":13},"end":{"line":101,"column":7}}],"line":95},"15":{"loc":{"start":{"line":109,"column":41},"end":{"line":109,"column":60}},"type":"default-arg","locations":[{"start":{"line":109,"column":55},"end":{"line":109,"column":60}}],"line":109},"16":{"loc":{"start":{"line":112,"column":4},"end":{"line":112,"column":88}},"type":"if","locations":[{"start":{"line":112,"column":4},"end":{"line":112,"column":88}},{"start":{},"end":{}}],"line":112},"17":{"loc":{"start":{"line":116,"column":6},"end":{"line":129,"column":7}},"type":"if","locations":[{"start":{"line":116,"column":6},"end":{"line":129,"column":7}},{"start":{},"end":{}}],"line":116},"18":{"loc":{"start":{"line":116,"column":10},"end":{"line":116,"column":22}},"type":"binary-expr","locations":[{"start":{"line":116,"column":10},"end":{"line":116,"column":14}},{"start":{"line":116,"column":18},"end":{"line":116,"column":22}}],"line":116},"19":{"loc":{"start":{"line":122,"column":17},"end":{"line":122,"column":131}},"type":"cond-expr","locations":[{"start":{"line":122,"column":31},"end":{"line":122,"column":101}},{"start":{"line":122,"column":104},"end":{"line":122,"column":131}}],"line":122},"20":{"loc":{"start":{"line":125,"column":38},"end":{"line":125,"column":104}},"type":"cond-expr","locations":[{"start":{"line":125,"column":52},"end":{"line":125,"column":75}},{"start":{"line":125,"column":78},"end":{"line":125,"column":104}}],"line":125},"21":{"loc":{"start":{"line":139,"column":26},"end":{"line":139,"column":62}},"type":"cond-expr","locations":[{"start":{"line":139,"column":40},"end":{"line":139,"column":53}},{"start":{"line":139,"column":56},"end":{"line":139,"column":62}}],"line":139},"22":{"loc":{"start":{"line":144,"column":15},"end":{"line":146,"column":52}},"type":"cond-expr","locations":[{"start":{"line":145,"column":10},"end":{"line":145,"column":69}},{"start":{"line":146,"column":10},"end":{"line":146,"column":52}}],"line":144},"23":{"loc":{"start":{"line":169,"column":6},"end":{"line":170,"column":75}},"type":"if","locations":[{"start":{"line":169,"column":6},"end":{"line":170,"column":75}},{"start":{},"end":{}}],"line":169},"24":{"loc":{"start":{"line":180,"column":2},"end":{"line":180,"column":72}},"type":"if","locations":[{"start":{"line":180,"column":2},"end":{"line":180,"column":72}},{"start":{},"end":{}}],"line":180},"25":{"loc":{"start":{"line":184,"column":4},"end":{"line":184,"column":83}},"type":"if","locations":[{"start":{"line":184,"column":4},"end":{"line":184,"column":83}},{"start":{},"end":{}}],"line":184},"26":{"loc":{"start":{"line":184,"column":8},"end":{"line":184,"column":23}},"type":"binary-expr","locations":[{"start":{"line":184,"column":8},"end":{"line":184,"column":11}},{"start":{"line":184,"column":15},"end":{"line":184,"column":23}}],"line":184},"27":{"loc":{"start":{"line":188,"column":6},"end":{"line":188,"column":69}},"type":"if","locations":[{"start":{"line":188,"column":6},"end":{"line":188,"column":69}},{"start":{},"end":{}}],"line":188},"28":{"loc":{"start":{"line":189,"column":25},"end":{"line":189,"column":39}},"type":"binary-expr","locations":[{"start":{"line":189,"column":25},"end":{"line":189,"column":31}},{"start":{"line":189,"column":35},"end":{"line":189,"column":39}}],"line":189},"29":{"loc":{"start":{"line":199,"column":23},"end":{"line":199,"column":42}},"type":"cond-expr","locations":[{"start":{"line":199,"column":29},"end":{"line":199,"column":38}},{"start":{"line":199,"column":41},"end":{"line":199,"column":42}}],"line":199},"30":{"loc":{"start":{"line":202,"column":27},"end":{"line":202,"column":46}},"type":"cond-expr","locations":[{"start":{"line":202,"column":33},"end":{"line":202,"column":42}},{"start":{"line":202,"column":45},"end":{"line":202,"column":46}}],"line":202},"31":{"loc":{"start":{"line":203,"column":26},"end":{"line":203,"column":44}},"type":"cond-expr","locations":[{"start":{"line":203,"column":32},"end":{"line":203,"column":40}},{"start":{"line":203,"column":43},"end":{"line":203,"column":44}}],"line":203},"32":{"loc":{"start":{"line":207,"column":26},"end":{"line":207,"column":45}},"type":"cond-expr","locations":[{"start":{"line":207,"column":32},"end":{"line":207,"column":41}},{"start":{"line":207,"column":44},"end":{"line":207,"column":45}}],"line":207},"33":{"loc":{"start":{"line":218,"column":4},"end":{"line":218,"column":80}},"type":"if","locations":[{"start":{"line":218,"column":4},"end":{"line":218,"column":80}},{"start":{},"end":{}}],"line":218},"34":{"loc":{"start":{"line":230,"column":6},"end":{"line":230,"column":82}},"type":"if","locations":[{"start":{"line":230,"column":6},"end":{"line":230,"column":82}},{"start":{},"end":{}}],"line":230}},"s":{"0":1,"1":1,"2":1,"3":1,"4":1,"5":0,"6":0,"7":0,"8":0,"9":0,"10":1,"11":1,"12":1,"13":1,"14":0,"15":0,"16":0,"17":0,"18":1,"19":2,"20":2,"21":1,"22":1,"23":1,"24":0,"25":1,"26":1,"27":1,"28":1,"29":0,"30":1,"31":1,"32":0,"33":0,"34":0,"35":0,"36":1,"37":4,"38":4,"39":1,"40":3,"41":3,"42":0,"43":3,"44":1,"45":2,"46":2,"47":0,"48":2,"49":1,"50":1,"51":1,"52":1,"53":0,"54":1,"55":0,"56":0,"57":0,"58":0,"59":0,"60":1,"61":0,"62":1,"63":1,"64":1,"65":0,"66":0,"67":0,"68":0,"69":1,"70":0,"71":0,"72":0,"73":0,"74":0,"75":0,"76":0,"77":0,"78":0,"79":0,"80":1,"81":0,"82":0,"83":0,"84":0,"85":0,"86":0,"87":0,"88":0,"89":0,"90":0,"91":1,"92":0,"93":0,"94":0,"95":0,"96":0,"97":1,"98":0,"99":0,"100":0,"101":0,"102":0,"103":1},"f":{"0":0,"1":0,"2":1,"3":0,"4":2,"5":1,"6":1,"7":1,"8":0,"9":4,"10":3,"11":2,"12":1,"13":1,"14":0,"15":0,"16":0,"17":0,"18":0,"19":0,"20":0,"21":0,"22":0,"23":0,"24":0,"25":0,"26":0,"27":0,"28":0},"b":{"0":[0,0],"1":[1,0],"2":[0,0],"3":[1,1],"4":[2,2],"5":[0,1],"6":[0,1],"7":[1,0],"8":[0,0],"9":[1,3],"10":[4,4],"11":[0,3],"12":[1,2],"13":[0,2],"14":[1,1],"15":[1],"16":[0,1],"17":[0,0],"18":[0,0],"19":[0,0],"20":[0,0],"21":[0,1],"22":[0,1],"23":[0,0],"24":[0,0],"25":[0,0],"26":[0,0],"27":[0,0],"28":[0,0],"29":[0,0],"30":[0,0],"31":[0,0],"32":[0,0],"33":[0,0],"34":[0,0]},"_coverageSchema":"1a1c01bbd47fc00a2c39e90264f33305004495a9","hash":"2346d8fc8c62b3b2e6f48dacdea3dbf2b0698179"}
,"C:\\Brayan\\Escritorio\\Proyecto_Mantenimiento\\smartlocker-qr\\src\\routes\\logs.js": {"path":"C:\\Brayan\\Escritorio\\Proyecto_Mantenimiento\\smartlocker-qr\\src\\routes\\logs.js","statementMap":{"0":{"start":{"line":2,"column":16},"end":{"line":2,"column":34}},"1":{"start":{"line":3,"column":15},"end":{"line":3,"column":31}},"2":{"start":{"line":4,"column":11},"end":{"line":4,"column":27}},"3":{"start":{"line":7,"column":0},"end":{"line":26,"column":3}},"4":{"start":{"line":8,"column":16},"end":{"line":20,"column":3}},"5":{"start":{"line":22,"column":2},"end":{"line":25,"column":5}},"6":{"start":{"line":23,"column":4},"end":{"line":23,"column":86}},"7":{"start":{"line":23,"column":13},"end":{"line":23,"column":86}},"8":{"start":{"line":24,"column":4},"end":{"line":24,"column":29}},"9":{"start":{"line":28,"column":0},"end":{"line":28,"column":24}}},"fnMap":{"0":{"name":"(anonymous_0)","decl":{"start":{"line":7,"column":16},"end":{"line":7,"column":17}},"loc":{"start":{"line":7,"column":30},"end":{"line":26,"column":1}},"line":7},"1":{"name":"(anonymous_1)","decl":{"start":{"line":22,"column":20},"end":{"line":22,"column":21}},"loc":{"start":{"line":22,"column":35},"end":{"line":25,"column":3}},"line":22}},"branchMap":{"0":{"loc":{"start":{"line":23,"column":4},"end":{"line":23,"column":86}},"type":"if","locations":[{"start":{"line":23,"column":4},"end":{"line":23,"column":86}},{"start":{},"end":{}}],"line":23}},"s":{"0":0,"1":0,"2":0,"3":0,"4":0,"5":0,"6":0,"7":0,"8":0,"9":0},"f":{"0":0,"1":0},"b":{"0":[0,0]}}
}
