TN:
SF:src\db.js
FN:6,(anonymous_0)
FN:14,(anonymous_1)
FN:32,(anonymous_2)
FN:35,(anonymous_3)
FNF:4
FNH:0
FNDA:0,(anonymous_0)
FNDA:0,(anonymous_1)
FNDA:0,(anonymous_2)
FNDA:0,(anonymous_3)
DA:2,0
DA:3,0
DA:5,0
DA:6,0
DA:7,0
DA:8,0
DA:10,0
DA:14,0
DA:15,0
DA:25,0
DA:35,0
DA:38,0
DA:46,0
DA:54,0
DA:63,0
LF:15
LH:0
BRDA:7,0,0,0
BRDA:7,0,1,0
BRF:2
BRH:0
end_of_record
TN:
SF:src\routes\auth.js
FN:14,(anonymous_0)
FN:28,(anonymous_1)
FN:32,(anonymous_2)
FN:36,(anonymous_3)
FN:45,(anonymous_4)
FN:73,(anonymous_5)
FN:77,(anonymous_6)
FN:81,(anonymous_7)
FN:88,(anonymous_8)
FN:93,(anonymous_9)
FN:104,(anonymous_10)
FN:105,(anonymous_11)
FN:112,(anonymous_12)
FN:122,(anonymous_13)
FNF:14
FNH:0
FNDA:0,(anonymous_0)
FNDA:0,(anonymous_1)
FNDA:0,(anonymous_2)
FNDA:0,(anonymous_3)
FNDA:0,(anonymous_4)
FNDA:0,(anonymous_5)
FNDA:0,(anonymous_6)
FNDA:0,(anonymous_7)
FNDA:0,(anonymous_8)
FNDA:0,(anonymous_9)
FNDA:0,(anonymous_10)
FNDA:0,(anonymous_11)
FNDA:0,(anonymous_12)
FNDA:0,(anonymous_13)
DA:2,0
DA:3,0
DA:4,0
DA:5,0
DA:6,0
DA:7,0
DA:8,0
DA:9,0
DA:11,0
DA:14,0
DA:16,0
DA:19,0
DA:20,0
DA:24,0
DA:25,0
DA:28,0
DA:29,0
DA:30,0
DA:32,0
DA:33,0
DA:36,0
DA:37,0
DA:40,0
DA:41,0
DA:42,0
DA:45,0
DA:46,0
DA:50,0
DA:51,0
DA:63,0
DA:66,0
DA:73,0
DA:74,0
DA:75,0
DA:77,0
DA:78,0
DA:79,0
DA:81,0
DA:82,0
DA:83,0
DA:85,0
DA:86,0
DA:88,0
DA:89,0
DA:91,0
DA:93,0
DA:94,0
DA:96,0
DA:104,0
DA:105,0
DA:106,0
DA:107,0
DA:112,0
DA:113,0
DA:116,0
DA:119,0
DA:122,0
DA:123,0
DA:124,0
DA:128,0
LF:60
LH:0
BRDA:19,0,0,0
BRDA:19,0,1,0
BRDA:19,1,0,0
BRDA:19,1,1,0
BRDA:19,1,2,0
BRDA:19,1,3,0
BRDA:24,2,0,0
BRDA:24,2,1,0
BRDA:29,3,0,0
BRDA:29,3,1,0
BRDA:30,4,0,0
BRDA:30,4,1,0
BRDA:33,5,0,0
BRDA:33,5,1,0
BRDA:37,6,0,0
BRDA:37,6,1,0
BRDA:46,7,0,0
BRDA:46,7,1,0
BRDA:75,8,0,0
BRDA:75,8,1,0
BRDA:75,9,0,0
BRDA:75,9,1,0
BRDA:78,10,0,0
BRDA:78,10,1,0
BRDA:79,11,0,0
BRDA:79,11,1,0
BRDA:82,12,0,0
BRDA:82,12,1,0
BRDA:83,13,0,0
BRDA:83,13,1,0
BRDA:89,14,0,0
BRDA:89,14,1,0
BRDA:94,15,0,0
BRDA:94,15,1,0
BRDA:106,16,0,0
BRDA:106,16,1,0
BRDA:123,17,0,0
BRDA:123,17,1,0
BRF:38
BRH:0
end_of_record
TN:
SF:src\routes\lockers.js
FN:8,(anonymous_0)
FN:20,(anonymous_1)
FN:27,(anonymous_2)
FN:31,(anonymous_3)
FN:38,(anonymous_4)
FN:45,(anonymous_5)
FN:60,(anonymous_6)
FN:69,(anonymous_7)
FN:74,(anonymous_8)
FN:82,(anonymous_9)
FN:92,(anonymous_10)
FN:108,openLocker
FN:110,(anonymous_12)
FN:114,(anonymous_13)
FN:132,(anonymous_14)
FN:153,(anonymous_15)
FN:167,(anonymous_16)
FN:177,(anonymous_17)
FN:182,(anonymous_18)
FN:186,(anonymous_19)
FN:194,(anonymous_20)
FN:197,(anonymous_21)
FN:200,(anonymous_22)
FN:205,(anonymous_23)
FN:214,(anonymous_24)
FN:216,(anonymous_25)
FN:223,(anonymous_26)
FN:228,(anonymous_27)
FNF:28
FNH:9
FNDA:0,(anonymous_0)
FNDA:0,(anonymous_1)
FNDA:1,(anonymous_2)
FNDA:0,(anonymous_3)
FNDA:2,(anonymous_4)
FNDA:1,(anonymous_5)
FNDA:4,(anonymous_6)
FNDA:3,(anonymous_7)
FNDA:2,(anonymous_8)
FNDA:1,(anonymous_9)
FNDA:0,(anonymous_10)
FNDA:1,openLocker
FNDA:1,(anonymous_12)
FNDA:0,(anonymous_13)
FNDA:0,(anonymous_14)
FNDA:0,(anonymous_15)
FNDA:0,(anonymous_16)
FNDA:0,(anonymous_17)
FNDA:0,(anonymous_18)
FNDA:0,(anonymous_19)
FNDA:0,(anonymous_20)
FNDA:0,(anonymous_21)
FNDA:0,(anonymous_22)
FNDA:0,(anonymous_23)
FNDA:0,(anonymous_24)
FNDA:0,(anonymous_25)
FNDA:0,(anonymous_26)
FNDA:0,(anonymous_27)
DA:2,1
DA:3,1
DA:4,1
DA:5,1
DA:8,1
DA:9,0
DA:20,0
DA:21,0
DA:22,0
DA:27,1
DA:28,1
DA:29,1
DA:31,0
DA:32,0
DA:33,0
DA:38,1
DA:39,2
DA:40,2
DA:42,1
DA:46,1
DA:49,1
DA:54,1
DA:60,1
DA:61,4
DA:64,4
DA:65,1
DA:69,3
DA:70,3
DA:71,3
DA:74,2
DA:75,2
DA:77,2
DA:79,1
DA:82,1
DA:83,1
DA:84,1
DA:85,1
DA:89,0
DA:93,0
DA:96,0
DA:110,1
DA:111,1
DA:114,1
DA:115,0
DA:116,0
DA:117,0
DA:124,0
DA:126,0
DA:132,1
DA:133,0
DA:137,1
DA:141,1
DA:153,1
DA:154,0
DA:168,0
DA:169,0
DA:171,0
DA:177,1
DA:178,0
DA:179,0
DA:182,0
DA:183,0
DA:186,0
DA:187,0
DA:188,0
DA:194,1
DA:195,0
DA:197,0
DA:198,0
DA:200,0
DA:201,0
DA:202,0
DA:203,0
DA:205,0
DA:206,0
DA:207,0
DA:214,1
DA:215,0
DA:216,0
DA:217,0
DA:218,0
DA:223,1
DA:224,0
DA:225,0
DA:229,0
DA:230,0
DA:235,1
LF:87
LH:42
BRDA:21,0,0,0
BRDA:21,0,1,0
BRDA:29,1,0,1
BRDA:29,1,1,0
BRDA:32,2,0,0
BRDA:32,2,1,0
BRDA:40,3,0,1
BRDA:40,3,1,1
BRDA:40,4,0,2
BRDA:40,4,1,2
BRDA:46,5,0,0
BRDA:46,5,1,1
BRDA:64,6,0,1
BRDA:64,6,1,3
BRDA:64,7,0,4
BRDA:64,7,1,4
BRDA:70,8,0,0
BRDA:70,8,1,3
BRDA:71,9,0,1
BRDA:71,9,1,2
BRDA:75,10,0,0
BRDA:75,10,1,2
BRDA:77,11,0,1
BRDA:77,11,1,1
BRDA:83,12,0,0
BRDA:83,12,1,1
BRDA:84,13,0,1
BRDA:84,13,1,0
BRDA:93,14,0,0
BRDA:93,14,1,0
BRDA:108,15,0,1
BRDA:111,16,0,0
BRDA:111,16,1,1
BRDA:115,17,0,0
BRDA:115,17,1,0
BRDA:115,18,0,0
BRDA:115,18,1,0
BRDA:121,19,0,0
BRDA:121,19,1,0
BRDA:124,20,0,0
BRDA:124,20,1,0
BRDA:138,21,0,0
BRDA:138,21,1,1
BRDA:143,22,0,0
BRDA:143,22,1,1
BRDA:168,23,0,0
BRDA:168,23,1,0
BRDA:179,24,0,0
BRDA:179,24,1,0
BRDA:183,25,0,0
BRDA:183,25,1,0
BRDA:183,26,0,0
BRDA:183,26,1,0
BRDA:187,27,0,0
BRDA:187,27,1,0
BRDA:188,28,0,0
BRDA:188,28,1,0
BRDA:198,29,0,0
BRDA:198,29,1,0
BRDA:201,30,0,0
BRDA:201,30,1,0
BRDA:202,31,0,0
BRDA:202,31,1,0
BRDA:206,32,0,0
BRDA:206,32,1,0
BRDA:217,33,0,0
BRDA:217,33,1,0
BRDA:229,34,0,0
BRDA:229,34,1,0
BRF:69
BRH:22
end_of_record
TN:
SF:src\routes\logs.js
FN:7,(anonymous_0)
FN:22,(anonymous_1)
FNF:2
FNH:0
FNDA:0,(anonymous_0)
FNDA:0,(anonymous_1)
DA:2,0
DA:3,0
DA:4,0
DA:7,0
DA:8,0
DA:22,0
DA:23,0
DA:24,0
DA:28,0
LF:9
LH:0
BRDA:23,0,0,0
BRDA:23,0,1,0
BRF:2
BRH:0
end_of_record
