TN:
SF:src\db.js
FN:6,(anonymous_0)
FN:14,(anonymous_1)
FN:32,(anonymous_2)
FN:35,(anonymous_3)
FNF:4
FNH:0
FNDA:0,(anonymous_0)
FNDA:0,(anonymous_1)
FNDA:0,(anonymous_2)
FNDA:0,(anonymous_3)
DA:2,0
DA:3,0
DA:5,0
DA:6,0
DA:7,0
DA:8,0
DA:10,0
DA:14,0
DA:15,0
DA:25,0
DA:35,0
DA:38,0
DA:46,0
DA:54,0
DA:63,0
LF:15
LH:0
BRDA:7,0,0,0
BRDA:7,0,1,0
BRF:2
BRH:0
end_of_record
TN:
SF:src\models\userModel.js
FN:5,(anonymous_0)
FN:6,(anonymous_1)
FN:12,(anonymous_2)
FN:17,(anonymous_3)
FN:24,(anonymous_4)
FN:25,(anonymous_5)
FNF:6
FNH:6
FNDA:15,(anonymous_0)
FNDA:15,(anonymous_1)
FNDA:11,(anonymous_2)
FNDA:11,(anonymous_3)
FNDA:3,(anonymous_4)
FNDA:3,(anonymous_5)
DA:1,2
DA:3,2
DA:6,15
DA:7,15
DA:13,11
DA:14,11
DA:18,11
DA:25,3
DA:26,3
DA:31,2
LF:10
LH:10
BRF:0
BRH:0
end_of_record
TN:
SF:src\routes\auth.js
FN:14,dbGet
FN:15,(anonymous_1)
FN:16,(anonymous_2)
FN:20,dbRun
FN:21,(anonymous_4)
FN:22,(anonymous_5)
FN:29,findByEmail
FN:30,(anonymous_7)
FN:31,(anonymous_8)
FN:35,createUser
FN:36,(anonymous_10)
FN:37,(anonymous_11)
FN:42,(anonymous_12)
FN:64,(anonymous_13)
FN:90,(anonymous_14)
FN:120,(anonymous_15)
FN:121,(anonymous_16)
FN:128,(anonymous_17)
FN:138,(anonymous_18)
FNF:19
FNH:11
FNDA:0,dbGet
FNDA:0,(anonymous_1)
FNDA:0,(anonymous_2)
FNDA:8,dbRun
FNDA:8,(anonymous_4)
FNDA:8,(anonymous_5)
FNDA:11,findByEmail
FNDA:11,(anonymous_7)
FNDA:11,(anonymous_8)
FNDA:4,createUser
FNDA:4,(anonymous_10)
FNDA:4,(anonymous_11)
FNDA:7,(anonymous_12)
FNDA:0,(anonymous_13)
FNDA:7,(anonymous_14)
FNDA:0,(anonymous_15)
FNDA:0,(anonymous_16)
FNDA:0,(anonymous_17)
FNDA:0,(anonymous_18)
DA:2,1
DA:3,1
DA:4,1
DA:5,1
DA:6,1
DA:7,1
DA:8,1
DA:9,1
DA:11,1
DA:15,0
DA:16,0
DA:21,8
DA:22,8
DA:23,8
DA:24,8
DA:30,11
DA:31,11
DA:36,4
DA:37,4
DA:42,1
DA:43,7
DA:45,7
DA:46,2
DA:49,5
DA:50,0
DA:53,5
DA:54,5
DA:55,5
DA:57,4
DA:58,4
DA:60,4
DA:61,4
DA:62,4
DA:64,4
DA:65,0
DA:68,4
DA:69,4
DA:79,0
DA:82,4
DA:84,0
DA:85,0
DA:90,1
DA:91,7
DA:92,7
DA:94,6
DA:95,6
DA:96,6
DA:98,5
DA:99,5
DA:101,4
DA:102,4
DA:104,4
DA:109,4
DA:110,4
DA:112,4
DA:114,0
DA:115,0
DA:120,1
DA:121,0
DA:122,0
DA:123,0
DA:128,1
DA:129,0
DA:132,0
DA:135,0
DA:138,0
DA:139,0
DA:140,0
DA:144,1
LF:69
LH:51
BRDA:16,0,0,0
BRDA:16,0,1,0
BRDA:23,1,0,0
BRDA:23,1,1,8
BRDA:31,2,0,0
BRDA:31,2,1,11
BRDA:37,3,0,0
BRDA:37,3,1,4
BRDA:45,4,0,2
BRDA:45,4,1,5
BRDA:45,5,0,7
BRDA:45,5,1,7
BRDA:45,5,2,5
BRDA:45,5,3,5
BRDA:49,6,0,0
BRDA:49,6,1,5
BRDA:55,7,0,1
BRDA:55,7,1,4
BRDA:92,8,0,1
BRDA:92,8,1,6
BRDA:92,9,0,7
BRDA:92,9,1,7
BRDA:96,10,0,1
BRDA:96,10,1,5
BRDA:99,11,0,1
BRDA:99,11,1,4
BRDA:122,12,0,0
BRDA:122,12,1,0
BRDA:139,13,0,0
BRDA:139,13,1,0
BRF:30
BRH:20
end_of_record
TN:
SF:src\routes\lockers.js
FN:8,(anonymous_0)
FN:20,(anonymous_1)
FN:27,(anonymous_2)
FN:31,(anonymous_3)
FN:38,(anonymous_4)
FN:45,(anonymous_5)
FN:60,autoAssignAndOpen
FN:61,(anonymous_7)
FN:69,(anonymous_8)
FN:78,(anonymous_9)
FN:87,(anonymous_10)
FN:92,(anonymous_11)
FN:109,openLocker
FN:111,(anonymous_13)
FN:115,(anonymous_14)
FN:133,(anonymous_15)
FN:154,(anonymous_16)
FN:168,(anonymous_17)
FN:178,(anonymous_18)
FN:183,(anonymous_19)
FN:187,(anonymous_20)
FN:195,(anonymous_21)
FN:198,(anonymous_22)
FN:201,(anonymous_23)
FN:206,(anonymous_24)
FN:215,(anonymous_25)
FN:217,(anonymous_26)
FN:224,(anonymous_27)
FN:229,(anonymous_28)
FNF:29
FNH:10
FNDA:0,(anonymous_0)
FNDA:0,(anonymous_1)
FNDA:1,(anonymous_2)
FNDA:0,(anonymous_3)
FNDA:2,(anonymous_4)
FNDA:1,(anonymous_5)
FNDA:1,autoAssignAndOpen
FNDA:1,(anonymous_7)
FNDA:0,(anonymous_8)
FNDA:4,(anonymous_9)
FNDA:3,(anonymous_10)
FNDA:2,(anonymous_11)
FNDA:1,openLocker
FNDA:1,(anonymous_13)
FNDA:0,(anonymous_14)
FNDA:0,(anonymous_15)
FNDA:0,(anonymous_16)
FNDA:0,(anonymous_17)
FNDA:0,(anonymous_18)
FNDA:0,(anonymous_19)
FNDA:0,(anonymous_20)
FNDA:0,(anonymous_21)
FNDA:0,(anonymous_22)
FNDA:0,(anonymous_23)
FNDA:0,(anonymous_24)
FNDA:0,(anonymous_25)
FNDA:0,(anonymous_26)
FNDA:0,(anonymous_27)
FNDA:0,(anonymous_28)
DA:2,1
DA:3,1
DA:4,1
DA:5,1
DA:8,1
DA:9,0
DA:20,0
DA:21,0
DA:22,0
DA:27,1
DA:28,1
DA:29,1
DA:31,0
DA:32,0
DA:33,0
DA:38,1
DA:39,2
DA:40,2
DA:42,1
DA:46,1
DA:49,1
DA:54,1
DA:61,1
DA:62,1
DA:63,1
DA:64,1
DA:66,0
DA:70,0
DA:71,0
DA:78,1
DA:79,4
DA:82,4
DA:83,1
DA:87,3
DA:88,3
DA:89,3
DA:92,2
DA:93,2
DA:95,2
DA:97,1
DA:100,1
DA:111,1
DA:112,1
DA:115,1
DA:116,0
DA:117,0
DA:118,0
DA:125,0
DA:127,0
DA:133,1
DA:134,0
DA:138,1
DA:142,1
DA:154,1
DA:155,0
DA:169,0
DA:170,0
DA:172,0
DA:178,1
DA:179,0
DA:180,0
DA:183,0
DA:184,0
DA:187,0
DA:188,0
DA:189,0
DA:195,1
DA:196,0
DA:198,0
DA:199,0
DA:201,0
DA:202,0
DA:203,0
DA:204,0
DA:206,0
DA:207,0
DA:208,0
DA:215,1
DA:216,0
DA:217,0
DA:218,0
DA:219,0
DA:224,1
DA:225,0
DA:226,0
DA:230,0
DA:231,0
DA:236,1
LF:88
LH:43
BRDA:21,0,0,0
BRDA:21,0,1,0
BRDA:29,1,0,1
BRDA:29,1,1,0
BRDA:32,2,0,0
BRDA:32,2,1,0
BRDA:40,3,0,1
BRDA:40,3,1,1
BRDA:40,4,0,2
BRDA:40,4,1,2
BRDA:46,5,0,0
BRDA:46,5,1,1
BRDA:62,6,0,0
BRDA:62,6,1,1
BRDA:63,7,0,1
BRDA:63,7,1,0
BRDA:70,8,0,0
BRDA:70,8,1,0
BRDA:82,9,0,1
BRDA:82,9,1,3
BRDA:82,10,0,4
BRDA:82,10,1,4
BRDA:88,11,0,0
BRDA:88,11,1,3
BRDA:89,12,0,1
BRDA:89,12,1,2
BRDA:93,13,0,0
BRDA:93,13,1,2
BRDA:95,14,0,1
BRDA:95,14,1,1
BRDA:109,15,0,1
BRDA:112,16,0,0
BRDA:112,16,1,1
BRDA:116,17,0,0
BRDA:116,17,1,0
BRDA:116,18,0,0
BRDA:116,18,1,0
BRDA:122,19,0,0
BRDA:122,19,1,0
BRDA:125,20,0,0
BRDA:125,20,1,0
BRDA:139,21,0,0
BRDA:139,21,1,1
BRDA:144,22,0,0
BRDA:144,22,1,1
BRDA:169,23,0,0
BRDA:169,23,1,0
BRDA:180,24,0,0
BRDA:180,24,1,0
BRDA:184,25,0,0
BRDA:184,25,1,0
BRDA:184,26,0,0
BRDA:184,26,1,0
BRDA:188,27,0,0
BRDA:188,27,1,0
BRDA:189,28,0,0
BRDA:189,28,1,0
BRDA:199,29,0,0
BRDA:199,29,1,0
BRDA:202,30,0,0
BRDA:202,30,1,0
BRDA:203,31,0,0
BRDA:203,31,1,0
BRDA:207,32,0,0
BRDA:207,32,1,0
BRDA:218,33,0,0
BRDA:218,33,1,0
BRDA:230,34,0,0
BRDA:230,34,1,0
BRF:69
BRH:22
end_of_record
TN:
SF:src\routes\logs.js
FN:7,(anonymous_0)
FN:22,(anonymous_1)
FNF:2
FNH:0
FNDA:0,(anonymous_0)
FNDA:0,(anonymous_1)
DA:2,0
DA:3,0
DA:4,0
DA:7,0
DA:8,0
DA:22,0
DA:23,0
DA:24,0
DA:28,0
LF:9
LH:0
BRDA:23,0,0,0
BRDA:23,0,1,0
BRF:2
BRH:0
end_of_record
